CMD :  ../../bin/RePlAce-static -pcofmax 1.2 -onlyGP -bmflag ibm -bmname die0 
INFO:  VERSION, Compiled at Nov  8 2021 16:06:29
INFO:  Now is Wed Aug 31 12:01:02 2022
INFO:  Target Density = 1.000000
INFO:  Experiment Index 0
INFO:  DIR_PATH = /home/frankchiang/contest/iccad2022/3d-placer/run_tmp/case2/outputs/IBM/die0/experiment0

OPEN /home/frankchiang/contest/iccad2022/3d-placer/run_tmp/case2/IBM/die0/die0.aux
PROC:  BEGIN IMPORTING PLACEMENT INPUT
INFO:  PLACEMENT INSTANCES INCLUDING STDCELL and MOVABLE MACRO
INFO:    Instance   MinX=47.00, MaxX=851.00
INFO:               MinY=176.00, MaxY=176.00
INFO:               AvgX=166.33, AvgY=176.00
INFO:      Smallest Instance       C2582  Size 8272.00
INFO:      Largest  Instance       C1371  Size 149776.00
INFO:  TERMINALS INCLUDING PAD and FIXED MACRO
INFO:    Terminal   MinX=0.00, MaxX=0.00
INFO:               MinY=0.00, MaxY=0.00
INFO:               AvgX=0.00, AvgY=0.00
INFO:  #NET=1942
INFO:  #PIN=5850
INFO:    Maximum Net Degree is 30
INFO:  ASPECT RATIO=0.795676
INFO:  ROW = (MinX=0.000000, MinY=0.000000)
INFO:  ROW = (MaxX=10175.000000, MaxY=8096.000000)
INFO:  TERM: (500.000000, 100.000000) - (9036.000000, 7900.000000)
INFO:  NOTE:   0% Whitespace is Added to Each Tier.
INFO:    LARGEST MACRO SIZE (X,Y) = (851, 176)
INFO:    TIER DIMENSION (X,Y) = (10175, 8096)
INFO:  #STDCELL=1905,  #movableMACRO=0,  #fixedMACRO=197
INFO:  #ROW=46,  ROW HEIGHT=176, TIER DEPTH=1
INFO:  GLOBAL.SPACE.MIN = (0.000000, 0.000000, 0.000000)
INFO:  GLOBAL.SPACE.MAX = (10175.000000, 8096.000000, 1.000000)
INFO:  PLACE.ORIGIN = (0, 0, 0)
INFO:  PLACE.END = (10175, 8096, 1)

PROC:  END IMPORTING PLACEMENT INPUT


PROC:  BEGIN INITIAL PLACEMENT (IP)
PROC:  Conjugate Gradient (CG) method to obtain the IP
INFO:  The Initial HPWL is 828739.000000
INFO:  IP  1,  CG Error 0.000007,  HPWL 711063.586670,  CPUtime 0.00
INFO:  IP  2,  CG Error 0.000004,  HPWL 687377.584229,  CPUtime 0.00
INFO:  IP  3,  CG Error 0.000002,  HPWL 679325.498535,  CPUtime 0.00
INFO:  IP  4,  CG Error 0.000002,  HPWL 675153.724854,  CPUtime 0.00
INFO:  IP  5,  CG Error 0.000001,  HPWL 673263.411621,  CPUtime 0.00
INFO:  IP  6,  CG Error 0.000001,  HPWL 672001.612793,  CPUtime 0.00
RESULT:
   HPWL(IP): 672001.6250 (352496.9062, 319504.7188, 0.0000)

PROC:  END INITIAL PLACEMENT (IP)


INFO:  Chip Area: 10175 x 8096 x 1 = 82376800 
INFO:  Total_PL_Area = 82376800, %100.00 of chip
INFO:  Total_TermPL_Area = 0, %0.00 of PL
INFO:  Total_WS_Area = 82376800, %100.00 of PL
INFO:  Total_Macro_Area = 0, %0.00 of WS
INFO:  Total_StdCell_Area = 55768064, %67.70 of WS
INFO:  Average 80pct Cell Area = 26300.9102
INFO:  FillerCell's Area = 26300.912109
INFO:  FillerCell's X = 149.436996 , FillerCell's Y = 176.000000, FillerCell's Z = 1.000000
INFO:  #CELL = 2917 =  1905 (#MODULE) + 1012 (#FILLER)
INFO:  Average Module Width = 166.332809, Row Height = 176.000000
INFO:  D_MSH = 32768 
INFO:  MSH(X, Y, Z) = (32, 32, 32)
INFO:  Boundary Bins Max_b_x=32, Max_b_y=32, Max_b_z=32
INFO:  Bin Step X=317.9688, Y=253.0000, Z=0.0312

PROC:  Standard Cell 2D Global Placement (cGP2D)
INFO:  Tier 0, Density is 0.676988
INFO:  dim_bin_cGP2D.(x,y) = (32, 32)
PROC:  Start NESTEROV's Optimization
PROC:    Global Lagrangian Multiplier is Applied

ITER: 0
    HPWL=673364.000000
    OVFL=0.962045
    HPWL=(353219.468750, 320144.500000)
    POTN=8.935466E+09
    PHIC=2.532130E-12
    GRAD=1.303401E-02
    NuBT=0
    CPU =0.000000

ITER: 1
    HPWL=673364.000000
    OVFL=0.962045
    HPWL=(353219.562500, 320144.437500)
    POTN=8.935462E+09
    PHIC=3.038556E-12
    GRAD=1.566519E-02
    NuBT=1
    CPU =0.000819

ITER: 2
    HPWL=673365.250000
    OVFL=0.962045
    HPWL=(353220.187500, 320145.031250)
    POTN=8.935435E+09
    PHIC=3.646265E-12
    GRAD=1.566447E-02
    NuBT=1
    CPU =0.000409

ITER: 3
    HPWL=770122.875000
    OVFL=0.931070
    HPWL=(402144.187500, 367978.687500)
    POTN=8.422502E+09
    PHIC=4.158022E-12
    GRAD=8.063867E-03
    NuBT=1
    CPU =0.000614

ITER: 4
    HPWL=835954.125000
    OVFL=0.909360
    HPWL=(433026.593750, 402927.500000)
    POTN=7.828611E+09
    PHIC=4.819508E-12
    GRAD=7.500188E-03
    NuBT=1
    CPU =0.000483

ITER: 5
    HPWL=870535.875000
    OVFL=0.892089
    HPWL=(451237.562500, 419298.312500)
    POTN=7.351427E+09
    PHIC=5.678976E-12
    GRAD=8.206741E-03
    NuBT=2
    CPU =0.000874

ITER: 6
    HPWL=882246.000000
    OVFL=0.881852
    HPWL=(456545.812500, 425700.156250)
    POTN=6.976211E+09
    PHIC=6.772851E-12
    GRAD=8.098913E-03
    NuBT=2
    CPU =0.000773

ITER: 7
    HPWL=896898.000000
    OVFL=0.871043
    HPWL=(464521.937500, 432376.093750)
    POTN=6.632066E+09
    PHIC=8.064913E-12
    GRAD=8.321024E-03
    NuBT=2
    CPU =0.000778

ITER: 8
    HPWL=901401.250000
    OVFL=0.864361
    HPWL=(466868.000000, 434533.218750)
    POTN=6.329156E+09
    PHIC=9.654958E-12
    GRAD=8.593272E-03
    NuBT=2
    CPU =0.000780

ITER: 9
    HPWL=906821.625000
    OVFL=0.857910
    HPWL=(470294.625000, 436527.000000)
    POTN=6.040106E+09
    PHIC=1.155291E-11
    GRAD=8.678317E-03
    NuBT=2
    CPU =0.000779

ITER: 10
    HPWL=907736.562500
    OVFL=0.853220
    HPWL=(471049.500000, 436687.062500)
    POTN=5.784267E+09
    PHIC=1.385680E-11
    GRAD=8.997045E-03
    NuBT=2
    CPU =0.000776

ITER: 11
    HPWL=909559.250000
    OVFL=0.848508
    HPWL=(473019.062500, 436540.218750)
    POTN=5.547545E+09
    PHIC=1.661220E-11
    GRAD=9.007112E-03
    NuBT=2
    CPU =0.000779

ITER: 12
    HPWL=909182.562500
    OVFL=0.844333
    HPWL=(473487.406250, 435695.156250)
    POTN=5.339319E+09
    PHIC=1.993464E-11
    GRAD=9.213259E-03
    NuBT=2
    CPU =0.000780

ITER: 13
    HPWL=909687.250000
    OVFL=0.839237
    HPWL=(474780.906250, 434906.375000)
    POTN=5.140984E+09
    PHIC=2.391521E-11
    GRAD=9.129852E-03
    NuBT=2
    CPU =0.000779

ITER: 14
    HPWL=909086.062500
    OVFL=0.835388
    HPWL=(475246.375000, 433839.687500)
    POTN=4.960840E+09
    PHIC=2.869826E-11
    GRAD=9.228240E-03
    NuBT=2
    CPU =0.000782

ITER: 15
    HPWL=909958.125000
    OVFL=0.831282
    HPWL=(476654.843750, 433303.312500)
    POTN=4.790954E+09
    PHIC=3.442209E-11
    GRAD=9.069088E-03
    NuBT=2
    CPU =0.000785

ITER: 16
    HPWL=909895.000000
    OVFL=0.827450
    HPWL=(477298.968750, 432596.031250)
    POTN=4.639007E+09
    PHIC=4.130651E-11
    GRAD=9.090872E-03
    NuBT=2
    CPU =0.000780

ITER: 17
    HPWL=911277.437500
    OVFL=0.823271
    HPWL=(478649.406250, 432628.031250)
    POTN=4.498563E+09
    PHIC=4.953172E-11
    GRAD=8.828845E-03
    NuBT=2
    CPU =0.000781

ITER: 18
    HPWL=911425.375000
    OVFL=0.819341
    HPWL=(479088.750000, 432336.625000)
    POTN=4.374391E+09
    PHIC=5.943342E-11
    GRAD=8.710567E-03
    NuBT=2
    CPU =0.000781

ITER: 19
    HPWL=913076.812500
    OVFL=0.816006
    HPWL=(480488.562500, 432588.250000)
    POTN=4.259964E+09
    PHIC=7.125808E-11
    GRAD=8.399795E-03
    NuBT=2
    CPU =0.000776

ITER: 20
    HPWL=913706.375000
    OVFL=0.813447
    HPWL=(481083.093750, 432623.312500)
    POTN=4.157781E+09
    PHIC=8.548133E-11
    GRAD=8.139305E-03
    NuBT=2
    CPU =0.000786

ITER: 21
    HPWL=915521.062500
    OVFL=0.811063
    HPWL=(482479.281250, 433041.781250)
    POTN=4.062894E+09
    PHIC=1.024796E-10
    GRAD=7.817187E-03
    NuBT=2
    CPU =0.000780

ITER: 22
    HPWL=917324.875000
    OVFL=0.808652
    HPWL=(483844.125000, 433480.718750)
    POTN=3.975582E+09
    PHIC=1.228586E-10
    GRAD=8.398252E-03
    NuBT=1
    CPU =0.000405

ITER: 23
    HPWL=918393.000000
    OVFL=0.806651
    HPWL=(484609.812500, 433783.218750)
    POTN=3.897535E+09
    PHIC=1.473474E-10
    GRAD=7.256111E-03
    NuBT=2
    CPU =0.000805

ITER: 24
    HPWL=919409.812500
    OVFL=0.804298
    HPWL=(485353.875000, 434055.937500)
    POTN=3.828511E+09
    PHIC=1.767222E-10
    GRAD=6.721565E-03
    NuBT=1
    CPU =0.000410

ITER: 25
    HPWL=921220.125000
    OVFL=0.802195
    HPWL=(486618.468750, 434601.656250)
    POTN=3.768093E+09
    PHIC=2.118645E-10
    GRAD=6.668924E-03
    NuBT=1
    CPU =0.000404

ITER: 26
    HPWL=922440.625000
    OVFL=0.799789
    HPWL=(487467.437500, 434973.218750)
    POTN=3.715669E+09
    PHIC=2.540739E-10
    GRAD=6.427580E-03
    NuBT=1
    CPU =0.000404

ITER: 27
    HPWL=923303.375000
    OVFL=0.797582
    HPWL=(488069.125000, 435234.250000)
    POTN=3.670549E+09
    PHIC=3.047501E-10
    GRAD=5.655182E-03
    NuBT=1
    CPU =0.000481

ITER: 28
    HPWL=923968.062500
    OVFL=0.795514
    HPWL=(488539.281250, 435428.781250)
    POTN=3.632165E+09
    PHIC=3.655721E-10
    GRAD=4.949092E-03
    NuBT=1
    CPU =0.000456

ITER: 29
    HPWL=924746.375000
    OVFL=0.793713
    HPWL=(489108.968750, 435637.437500)
    POTN=3.599592E+09
    PHIC=4.385066E-10
    GRAD=4.422508E-03
    NuBT=1
    CPU =0.000406

ITER: 30
    HPWL=925458.875000
    OVFL=0.792511
    HPWL=(489647.281250, 435811.562500)
    POTN=3.572564E+09
    PHIC=5.260105E-10
    GRAD=4.120408E-03
    NuBT=1
    CPU =0.000406

ITER: 31
    HPWL=925940.750000
    OVFL=0.791728
    HPWL=(490056.687500, 435884.093750)
    POTN=3.550186E+09
    PHIC=6.310523E-10
    GRAD=3.680410E-03
    NuBT=1
    CPU =0.000412

ITER: 32
    HPWL=926231.375000
    OVFL=0.791004
    HPWL=(490318.406250, 435912.937500)
    POTN=3.532179E+09
    PHIC=7.571469E-10
    GRAD=3.212504E-03
    NuBT=1
    CPU =0.000406

ITER: 33
    HPWL=926391.562500
    OVFL=0.790495
    HPWL=(490508.562500, 435883.000000)
    POTN=3.518147E+09
    PHIC=9.084996E-10
    GRAD=2.736396E-03
    NuBT=1
    CPU =0.000405

ITER: 34
    HPWL=926487.625000
    OVFL=0.790081
    HPWL=(490649.781250, 435837.875000)
    POTN=3.507986E+09
    PHIC=1.090144E-09
    GRAD=2.440486E-03
    NuBT=1
    CPU =0.000413

ITER: 35
    HPWL=926517.625000
    OVFL=0.789833
    HPWL=(490754.500000, 435763.125000)
    POTN=3.501229E+09
    PHIC=1.308153E-09
    GRAD=2.193958E-03
    NuBT=1
    CPU =0.000405

ITER: 36
    HPWL=926414.687500
    OVFL=0.789678
    HPWL=(490755.437500, 435659.250000)
    POTN=3.497535E+09
    PHIC=1.569783E-09
    GRAD=2.026188E-03
    NuBT=1
    CPU =0.000408

ITER: 37
    HPWL=926246.937500
    OVFL=0.789689
    HPWL=(490713.687500, 435533.250000)
    POTN=3.496186E+09
    PHIC=1.883740E-09
    GRAD=1.855219E-03
    NuBT=1
    CPU =0.000490

ITER: 38
    HPWL=925993.937500
    OVFL=0.789687
    HPWL=(490599.500000, 435394.437500)
    POTN=3.496882E+09
    PHIC=2.260488E-09
    GRAD=1.787712E-03
    NuBT=1
    CPU =0.000525

ITER: 39
    HPWL=925767.500000
    OVFL=0.789819
    HPWL=(490509.312500, 435258.218750)
    POTN=3.499034E+09
    PHIC=2.712585E-09
    GRAD=1.772053E-03
    NuBT=1
    CPU =0.000418

ITER: 40
    HPWL=925493.875000
    OVFL=0.789986
    HPWL=(490367.781250, 435126.062500)
    POTN=3.502185E+09
    PHIC=3.255103E-09
    GRAD=1.842743E-03
    NuBT=1
    CPU =0.000470

ITER: 41
    HPWL=925236.875000
    OVFL=0.790193
    HPWL=(490233.968750, 435002.906250)
    POTN=3.505552E+09
    PHIC=3.906123E-09
    GRAD=1.889055E-03
    NuBT=1
    CPU =0.000406

ITER: 42
    HPWL=924963.375000
    OVFL=0.790436
    HPWL=(490060.406250, 434903.000000)
    POTN=3.508484E+09
    PHIC=4.687348E-09
    GRAD=1.949957E-03
    NuBT=1
    CPU =0.000449

ITER: 43
    HPWL=924737.875000
    OVFL=0.790712
    HPWL=(489903.750000, 434834.093750)
    POTN=3.510244E+09
    PHIC=5.624818E-09
    GRAD=1.983732E-03
    NuBT=1
    CPU =0.000411

ITER: 44
    HPWL=924615.625000
    OVFL=0.790966
    HPWL=(489797.000000, 434818.625000)
    POTN=3.510051E+09
    PHIC=6.749783E-09
    GRAD=2.081266E-03
    NuBT=1
    CPU =0.000409

ITER: 45
    HPWL=924621.937500
    OVFL=0.791076
    HPWL=(489762.375000, 434859.562500)
    POTN=3.506972E+09
    PHIC=8.099713E-09
    GRAD=2.201322E-03
    NuBT=1
    CPU =0.000462

ITER: 46
    HPWL=924831.500000
    OVFL=0.791025
    HPWL=(489841.500000, 434989.968750)
    POTN=3.500004E+09
    PHIC=9.718582E-09
    GRAD=2.403932E-03
    NuBT=1
    CPU =0.000425

ITER: 47
    HPWL=925253.125000
    OVFL=0.790908
    HPWL=(490038.156250, 435215.000000)
    POTN=3.488091E+09
    PHIC=1.165971E-08
    GRAD=2.663425E-03
    NuBT=1
    CPU =0.000431

ITER: 48
    HPWL=926022.000000
    OVFL=0.790616
    HPWL=(490442.406250, 435579.593750)
    POTN=3.469970E+09
    PHIC=1.398598E-08
    GRAD=3.068262E-03
    NuBT=1
    CPU =0.000485

ITER: 49
    HPWL=927145.625000
    OVFL=0.790235
    HPWL=(491048.093750, 436097.562500)
    POTN=3.444293E+09
    PHIC=1.677325E-08
    GRAD=3.625371E-03
    NuBT=1
    CPU =0.000522

ITER: 50
    HPWL=928795.812500
    OVFL=0.789700
    HPWL=(491965.468750, 436830.343750)
    POTN=3.409506E+09
    PHIC=2.011040E-08
    GRAD=4.388664E-03
    NuBT=1
    CPU =0.000475

ITER: 51
    HPWL=930900.687500
    OVFL=0.788835
    HPWL=(493134.250000, 437766.437500)
    POTN=3.364296E+09
    PHIC=2.410573E-08
    GRAD=5.317185E-03
    NuBT=1
    CPU =0.000409

ITER: 52
    HPWL=933616.125000
    OVFL=0.787581
    HPWL=(494651.500000, 438964.656250)
    POTN=3.307515E+09
    PHIC=2.888552E-08
    GRAD=6.428311E-03
    NuBT=1
    CPU =0.000417

ITER: 53
    HPWL=936918.562500
    OVFL=0.785811
    HPWL=(496478.500000, 440440.062500)
    POTN=3.237884E+09
    PHIC=3.460236E-08
    GRAD=7.736278E-03
    NuBT=1
    CPU =0.000410

ITER: 54
    HPWL=941066.812500
    OVFL=0.783552
    HPWL=(498772.937500, 442293.875000)
    POTN=3.153919E+09
    PHIC=4.143217E-08
    GRAD=9.320885E-03
    NuBT=1
    CPU =0.000417

ITER: 55
    HPWL=946042.000000
    OVFL=0.780458
    HPWL=(501499.125000, 444542.843750)
    POTN=3.054219E+09
    PHIC=4.958843E-08
    GRAD=1.119620E-02
    NuBT=1
    CPU =0.000411

ITER: 56
    HPWL=952009.687500
    OVFL=0.776186
    HPWL=(504728.000000, 447281.687500)
    POTN=2.939455E+09
    PHIC=5.931928E-08
    GRAD=1.336140E-02
    NuBT=1
    CPU =0.000412

ITER: 57
    HPWL=958945.375000
    OVFL=0.770734
    HPWL=(508408.843750, 450536.562500)
    POTN=2.810378E+09
    PHIC=7.092347E-08
    GRAD=1.583480E-02
    NuBT=1
    CPU =0.000408

ITER: 58
    HPWL=967094.062500
    OVFL=0.763312
    HPWL=(512652.093750, 454441.968750)
    POTN=2.667707E+09
    PHIC=8.474350E-08
    GRAD=1.870356E-02
    NuBT=1
    CPU =0.000408

ITER: 59
    HPWL=976394.687500
    OVFL=0.753903
    HPWL=(517397.031250, 458997.656250)
    POTN=2.513307E+09
    PHIC=1.011950E-07
    GRAD=2.206286E-02
    NuBT=1
    CPU =0.000428

ITER: 60
    HPWL=986951.437500
    OVFL=0.745136
    HPWL=(522714.750000, 464236.687500)
    POTN=2.347994E+09
    PHIC=1.207604E-07
    GRAD=2.603048E-02
    NuBT=1
    CPU =0.000409

ITER: 61
    HPWL=998518.562500
    OVFL=0.737332
    HPWL=(528476.500000, 470042.062500)
    POTN=2.176226E+09
    PHIC=1.440319E-07
    GRAD=3.025027E-02
    NuBT=1
    CPU =0.000413

ITER: 62
    HPWL=1011268.500000
    OVFL=0.728409
    HPWL=(534495.812500, 476772.656250)
    POTN=2.000646E+09
    PHIC=1.716810E-07
    GRAD=3.422385E-02
    NuBT=1
    CPU =0.000445

ITER: 63
    HPWL=1025188.812500
    OVFL=0.716963
    HPWL=(540954.562500, 484234.250000)
    POTN=1.822712E+09
    PHIC=2.045116E-07
    GRAD=3.832668E-02
    NuBT=1
    CPU =0.000537

ITER: 64
    HPWL=1040662.750000
    OVFL=0.705310
    HPWL=(547939.562500, 492723.187500)
    POTN=1.647332E+09
    PHIC=2.434209E-07
    GRAD=4.350381E-02
    NuBT=1
    CPU =0.000453

ITER: 65
    HPWL=1057086.250000
    OVFL=0.691622
    HPWL=(555472.125000, 501614.125000)
    POTN=1.479964E+09
    PHIC=2.895881E-07
    GRAD=4.914756E-02
    NuBT=1
    CPU =0.000408

ITER: 66
    HPWL=1069936.750000
    OVFL=0.677176
    HPWL=(560455.250000, 509481.500000)
    POTN=1.322052E+09
    PHIC=3.451606E-07
    GRAD=4.893636E-02
    NuBT=2
    CPU =0.000790

ITER: 67
    HPWL=1088554.750000
    OVFL=0.656526
    HPWL=(569806.250000, 518748.500000)
    POTN=1.174425E+09
    PHIC=4.101491E-07
    GRAD=5.691244E-02
    NuBT=1
    CPU =0.000419

ITER: 68
    HPWL=1101529.625000
    OVFL=0.641260
    HPWL=(575192.125000, 526337.500000)
    POTN=1.044171E+09
    PHIC=4.888254E-07
    GRAD=5.805194E-02
    NuBT=2
    CPU =0.000788

ITER: 69
    HPWL=1114661.000000
    OVFL=0.626848
    HPWL=(580992.125000, 533668.937500)
    POTN=9.310915E+08
    PHIC=5.825456E-07
    GRAD=6.010190E-02
    NuBT=2
    CPU =0.000801

ITER: 70
    HPWL=1129394.250000
    OVFL=0.609566
    HPWL=(587271.312500, 542122.937500)
    POTN=8.317377E+08
    PHIC=6.936486E-07
    GRAD=6.377139E-02
    NuBT=2
    CPU =0.000799

ITER: 71
    HPWL=1142074.500000
    OVFL=0.591258
    HPWL=(591897.687500, 550176.812500)
    POTN=7.426193E+08
    PHIC=8.268352E-07
    GRAD=6.399660E-02
    NuBT=2
    CPU =0.000797

ITER: 72
    HPWL=1153773.500000
    OVFL=0.573845
    HPWL=(595807.562500, 557965.875000)
    POTN=6.648552E+08
    PHIC=9.861045E-07
    GRAD=6.476314E-02
    NuBT=2
    CPU =0.000798

ITER: 73
    HPWL=1165419.125000
    OVFL=0.552403
    HPWL=(599986.500000, 565432.625000)
    POTN=5.951705E+08
    PHIC=1.176086E-06
    GRAD=6.677057E-02
    NuBT=2
    CPU =0.000793

ITER: 74
    HPWL=1174868.250000
    OVFL=0.536939
    HPWL=(602906.812500, 571961.437500)
    POTN=5.309491E+08
    PHIC=1.404294E-06
    GRAD=6.876411E-02
    NuBT=2
    CPU =0.000791

ITER: 75
    HPWL=1183335.750000
    OVFL=0.525145
    HPWL=(605172.750000, 578162.937500)
    POTN=4.715465E+08
    PHIC=1.677651E-06
    GRAD=7.141666E-02
    NuBT=2
    CPU =0.000794

ITER: 76
    HPWL=1192940.750000
    OVFL=0.507410
    HPWL=(607608.687500, 585332.125000)
    POTN=4.129606E+08
    PHIC=2.003017E-06
    GRAD=7.518137E-02
    NuBT=2
    CPU =0.000787

ITER: 77
    HPWL=1207202.625000
    OVFL=0.482038
    HPWL=(612478.687500, 594723.937500)
    POTN=3.523351E+08
    PHIC=2.385625E-06
    GRAD=8.419791E-02
    NuBT=1
    CPU =0.000408

ITER: 78
    HPWL=1218787.375000
    OVFL=0.467117
    HPWL=(615111.500000, 603675.875000)
    POTN=2.936740E+08
    PHIC=2.845327E-06
    GRAD=9.261323E-02
    NuBT=1
    CPU =0.000414

ITER: 79
    HPWL=1227876.250000
    OVFL=0.450621
    HPWL=(616168.562500, 611707.687500)
    POTN=2.387885E+08
    PHIC=3.398080E-06
    GRAD=9.981070E-02
    NuBT=1
    CPU =0.000406

ITER: 80
    HPWL=1241725.000000
    OVFL=0.435369
    HPWL=(619910.687500, 621814.250000)
    POTN=1.876389E+08
    PHIC=4.048047E-06
    GRAD=1.084955E-01
    NuBT=1
    CPU =0.000461

ITER: 81
    HPWL=1259590.000000
    OVFL=0.413283
    HPWL=(624916.000000, 634673.937500)
    POTN=1.429107E+08
    PHIC=4.812142E-06
    GRAD=1.235347E-01
    NuBT=1
    CPU =0.000480

ITER: 82
    HPWL=1272220.500000
    OVFL=0.393592
    HPWL=(628657.312500, 643563.187500)
    POTN=1.080708E+08
    PHIC=5.736266E-06
    GRAD=1.354870E-01
    NuBT=2
    CPU =0.000789

ITER: 83
    HPWL=1287077.750000
    OVFL=0.374923
    HPWL=(629029.812500, 658047.875000)
    POTN=8.135954E+07
    PHIC=6.829839E-06
    GRAD=1.484544E-01
    NuBT=2
    CPU =0.000794

ITER: 84
    HPWL=1298390.750000
    OVFL=0.363862
    HPWL=(631235.187500, 667155.625000)
    POTN=6.211273E+07
    PHIC=8.147095E-06
    GRAD=1.594555E-01
    NuBT=2
    CPU =0.000789

ITER: 85
    HPWL=1311842.500000
    OVFL=0.357480
    HPWL=(633208.250000, 678634.312500)
    POTN=4.759016E+07
    PHIC=9.707461E-06
    GRAD=1.685120E-01
    NuBT=2
    CPU =0.000794

ITER: 86
    HPWL=1327673.250000
    OVFL=0.342552
    HPWL=(640665.875000, 687007.312500)
    POTN=3.620112E+07
    PHIC=1.155218E-05
    GRAD=1.720394E-01
    NuBT=2
    CPU =0.000784

ITER: 87
    HPWL=1336558.500000
    OVFL=0.328550
    HPWL=(643182.937500, 693375.562500)
    POTN=2.760099E+07
    PHIC=1.379787E-05
    GRAD=1.701748E-01
    NuBT=2
    CPU =0.000798

ITER: 88
    HPWL=1347440.750000
    OVFL=0.317896
    HPWL=(647970.750000, 699470.000000)
    POTN=2.175408E+07
    PHIC=1.646277E-05
    GRAD=1.738657E-01
    NuBT=2
    CPU =0.000793

ITER: 89
    HPWL=1353961.500000
    OVFL=0.308449
    HPWL=(648740.562500, 705220.875000)
    POTN=1.793946E+07
    PHIC=1.968756E-05
    GRAD=1.732218E-01
    NuBT=2
    CPU =0.000792

ITER: 90
    HPWL=1356169.500000
    OVFL=0.298036
    HPWL=(648228.437500, 707941.000000)
    POTN=1.542759E+07
    PHIC=2.359760E-05
    GRAD=1.676254E-01
    NuBT=2
    CPU =0.000795

ITER: 91
    HPWL=1357134.000000
    OVFL=0.282728
    HPWL=(646234.000000, 710899.937500)
    POTN=1.279461E+07
    PHIC=2.830273E-05
    GRAD=1.627362E-01
    NuBT=2
    CPU =0.000792

ITER: 92
    HPWL=1363318.000000
    OVFL=0.268887
    HPWL=(648491.187500, 714826.812500)
    POTN=1.011022E+07
    PHIC=3.385279E-05
    GRAD=1.670804E-01
    NuBT=1
    CPU =0.000411

ITER: 93
    HPWL=1365781.875000
    OVFL=0.255888
    HPWL=(648706.750000, 717075.125000)
    POTN=7.743272E+06
    PHIC=4.057064E-05
    GRAD=1.670419E-01
    NuBT=1
    CPU =0.000457

ITER: 94
    HPWL=1366413.875000
    OVFL=0.247650
    HPWL=(648697.687500, 717716.187500)
    POTN=6.216284E+06
    PHIC=4.866856E-05
    GRAD=1.640812E-01
    NuBT=1
    CPU =0.000770

ITER: 95
    HPWL=1364855.875000
    OVFL=0.236197
    HPWL=(647029.750000, 717826.125000)
    POTN=5.212004E+06
    PHIC=5.840227E-05
    GRAD=1.577683E-01
    NuBT=1
    CPU =0.000421

ITER: 96
    HPWL=1363742.250000
    OVFL=0.223933
    HPWL=(645656.437500, 718085.750000)
    POTN=4.478757E+06
    PHIC=7.008273E-05
    GRAD=1.473918E-01
    NuBT=1
    CPU =0.000415

ITER: 97
    HPWL=1363849.875000
    OVFL=0.215280
    HPWL=(644751.625000, 719098.250000)
    POTN=4.006106E+06
    PHIC=8.409451E-05
    GRAD=1.417891E-01
    NuBT=1
    CPU =0.000415

ITER: 98
    HPWL=1365306.000000
    OVFL=0.203760
    HPWL=(645818.375000, 719487.625000)
    POTN=3.511194E+06
    PHIC=1.008360E-04
    GRAD=1.332321E-01
    NuBT=1
    CPU =0.000408

ITER: 99
    HPWL=1366431.750000
    OVFL=0.187656
    HPWL=(645746.812500, 720685.000000)
    POTN=2.898590E+06
    PHIC=1.209315E-04
    GRAD=1.228228E-01
    NuBT=1
    CPU =0.000415

ITER: 100
    HPWL=1370169.000000
    OVFL=0.171637
    HPWL=(647930.437500, 722238.562500)
    POTN=2.240337E+06
    PHIC=1.448323E-04
    GRAD=1.155989E-01
    NuBT=1
    CPU =0.000414

ITER: 101
    HPWL=1374489.250000
    OVFL=0.160871
    HPWL=(649909.312500, 724580.000000)
    POTN=1.749861E+06
    PHIC=1.734035E-04
    GRAD=1.099084E-01
    NuBT=1
    CPU =0.000413

ITER: 102
    HPWL=1378627.000000
    OVFL=0.152312
    HPWL=(652251.875000, 726375.125000)
    POTN=1.430575E+06
    PHIC=2.076310E-04
    GRAD=1.031457E-01
    NuBT=1
    CPU =0.000420

ITER: 103
    HPWL=1381177.000000
    OVFL=0.144869
    HPWL=(652937.500000, 728239.437500)
    POTN=1.215857E+06
    PHIC=2.488227E-04
    GRAD=9.410423E-02
    NuBT=1
    CPU =0.000411

ITER: 104
    HPWL=1382979.750000
    OVFL=0.138469
    HPWL=(653724.250000, 729255.562500)
    POTN=1.039616E+06
    PHIC=2.983037E-04
    GRAD=8.554442E-02
    NuBT=1
    CPU =0.000419

ITER: 105
    HPWL=1385421.750000
    OVFL=0.133920
    HPWL=(654777.562500, 730644.250000)
    POTN=8.928714E+05
    PHIC=3.575041E-04
    GRAD=7.778238E-02
    NuBT=1
    CPU =0.000410

ITER: 106
    HPWL=1388324.250000
    OVFL=0.125497
    HPWL=(655557.062500, 732767.125000)
    POTN=7.765492E+05
    PHIC=4.283494E-04
    GRAD=7.068297E-02
    NuBT=1
    CPU =0.000485

ITER: 107
    HPWL=1392269.250000
    OVFL=0.117963
    HPWL=(657180.562500, 735088.750000)
    POTN=6.755602E+05
    PHIC=5.129518E-04
    GRAD=6.383540E-02
    NuBT=1
    CPU =0.000418

ITER: 108
    HPWL=1396517.750000
    OVFL=0.110196
    HPWL=(658504.375000, 738013.312500)
    POTN=5.878142E+05
    PHIC=6.141657E-04
    GRAD=5.751017E-02
    NuBT=1
    CPU =0.000713

ITER: 109
    HPWL=1401695.750000
    OVFL=0.102939
    HPWL=(660834.562500, 740861.250000)
    POTN=4.923032E+05
    PHIC=7.349907E-04
    GRAD=5.151583E-02
    NuBT=1
    CPU =0.000412

ITER: 110
    HPWL=1406654.625000
    OVFL=0.092990
    HPWL=(663027.875000, 743626.750000)
    POTN=3.979480E+05
    PHIC=8.796873E-04
    GRAD=4.587163E-02
    NuBT=1
    CPU =0.000420

ITER: 111
    HPWL=1411820.250000
    OVFL=0.084782
    HPWL=(666216.125000, 745604.187500)
    POTN=3.232171E+05
    PHIC=1.052755E-03
    GRAD=4.045812E-02
    NuBT=1
    CPU =0.000412

ITER: 112
    HPWL=1415965.000000
    OVFL=0.075886
    HPWL=(668743.812500, 747221.250000)
    POTN=2.539762E+05
    PHIC=1.260550E-03
    GRAD=3.457091E-02
    NuBT=1
    CPU =0.000412

ITER: 113
    HPWL=1421236.500000
    OVFL=0.068964
    HPWL=(670747.875000, 750488.687500)
    POTN=2.153306E+05
    PHIC=1.508464E-03
    GRAD=2.977476E-02
    NuBT=1
    CPU =0.000466

INFO:    SUMMARY cGP2D
INFO:    #iterations = 113
INFO:        cGP2D ITERATION HPWL 1421236.5000
INFO:        cGP2D ITERATION OVFL 0.0690
INFO:        cGP2D      POTENTIAL 215330.6250
INFO:    TOTAL HPWL (U_k, V_k) = 1397259.250000, 1421236.500000
RESULT:
   HPWL(cGP2D): 1397259.2500 (655971.8750, 741287.4375)

   RUNTIME(s) : 0.0685


PROC:  END GLOBAL 2D PLACEMENT




=== SUMMARY =========================================================
 ### HPWL (x, y) of the design is 1397546.58 (656239.89, 741306.69).

 ### Numbers of Iterations: 
     cGP2D:  113 (0.0006 sec/iter)
     ____________________________________
     TOTAL:  113

 ### CPU_{IP, TP, mGP, LG, cGP, DP} is 0.03, 0.00, 0.00, 0.00, 0.07, 0.00.
 ### CPU_TOT is 0.13 seconds (0.00 min).

