CMD :  ../../bin/RePlAce-static -pcofmax 1.2 -onlyGP -bmflag ibm -bmname die1 
INFO:  VERSION, Compiled at Nov  8 2021 16:06:29
INFO:  Now is Wed Aug 31 12:01:02 2022
INFO:  Target Density = 1.000000
INFO:  Experiment Index 0
INFO:  DIR_PATH = /home/frankchiang/contest/iccad2022/3d-placer/run_tmp/case2/outputs/IBM/die1/experiment0

OPEN /home/frankchiang/contest/iccad2022/3d-placer/run_tmp/case2/IBM/die1/die1.aux
PROC:  BEGIN IMPORTING PLACEMENT INPUT
INFO:  PLACEMENT INSTANCES INCLUDING STDCELL and MOVABLE MACRO
INFO:    Instance   MinX=50.00, MaxX=1029.00
INFO:               MinY=252.00, MaxY=252.00
INFO:               AvgX=268.74, AvgY=252.00
INFO:      Smallest Instance       C2729  Size 12600.00
INFO:      Largest  Instance       C1993  Size 259308.00
INFO:  TERMINALS INCLUDING PAD and FIXED MACRO
INFO:    Terminal   MinX=0.00, MaxX=0.00
INFO:               MinY=0.00, MaxY=0.00
INFO:               AvgX=0.00, AvgY=0.00
INFO:  #NET=899
INFO:  #PIN=2662
INFO:    Maximum Net Degree is 44
INFO:  ASPECT RATIO=0.792531
INFO:  ROW = (MinX=0.000000, MinY=0.000000)
INFO:  ROW = (MaxX=10175.000000, MaxY=8064.000000)
INFO:  TERM: (900.000000, 300.000000) - (8788.000000, 7900.000000)
INFO:  NOTE:   0% Whitespace is Added to Each Tier.
INFO:    LARGEST MACRO SIZE (X,Y) = (1029, 252)
INFO:    TIER DIMENSION (X,Y) = (10175, 8064)
INFO:  #STDCELL=830,  #movableMACRO=0,  #fixedMACRO=197
INFO:  #ROW=32,  ROW HEIGHT=252, TIER DEPTH=1
INFO:  GLOBAL.SPACE.MIN = (0.000000, 0.000000, 0.000000)
INFO:  GLOBAL.SPACE.MAX = (10175.000000, 8064.000000, 1.000000)
INFO:  PLACE.ORIGIN = (0, 0, 0)
INFO:  PLACE.END = (10175, 8064, 1)

PROC:  END IMPORTING PLACEMENT INPUT


PROC:  BEGIN INITIAL PLACEMENT (IP)
PROC:  Conjugate Gradient (CG) method to obtain the IP
INFO:  The Initial HPWL is 731565.500000
INFO:  IP  1,  CG Error 0.000002,  HPWL 604594.591797,  CPUtime 0.00
INFO:  IP  2,  CG Error 0.000001,  HPWL 568115.741699,  CPUtime 0.00
RESULT:
   HPWL(IP): 568115.7500 (300400.6250, 267715.0938, 0.0000)

PROC:  END INITIAL PLACEMENT (IP)


INFO:  Chip Area: 10175 x 8064 x 1 = 82051200 
INFO:  Total_PL_Area = 82051200, %100.00 of chip
INFO:  Total_TermPL_Area = 0, %0.00 of PL
INFO:  Total_WS_Area = 82051200, %100.00 of PL
INFO:  Total_Macro_Area = 0, %0.00 of WS
INFO:  Total_StdCell_Area = 56210364, %68.51 of WS
INFO:  Average 80pct Cell Area = 61724.4805
INFO:  FillerCell's Area = 61724.480469
INFO:  FillerCell's X = 244.938416 , FillerCell's Y = 252.000000, FillerCell's Z = 1.000000
INFO:  #CELL = 1249 =  830 (#MODULE) + 419 (#FILLER)
INFO:  Average Module Width = 268.743378, Row Height = 252.000000
INFO:  D_MSH = 32768 
INFO:  MSH(X, Y, Z) = (32, 32, 32)
INFO:  Boundary Bins Max_b_x=32, Max_b_y=32, Max_b_z=32
INFO:  Bin Step X=317.9688, Y=252.0000, Z=0.0312

PROC:  Standard Cell 2D Global Placement (cGP2D)
INFO:  Tier 0, Density is 0.685064
INFO:  dim_bin_cGP2D.(x,y) = (32, 32)
PROC:  Start NESTEROV's Optimization
PROC:    Global Lagrangian Multiplier is Applied

ITER: 0
    HPWL=568798.000000
    OVFL=0.938081
    HPWL=(300882.531250, 267915.468750)
    POTN=8.927450E+09
    PHIC=2.492501E-12
    GRAD=2.474911E-02
    NuBT=0
    CPU =0.000000

ITER: 1
    HPWL=568797.875000
    OVFL=0.938081
    HPWL=(300882.468750, 267915.437500)
    POTN=8.927450E+09
    PHIC=2.991001E-12
    GRAD=3.306407E-02
    NuBT=1
    CPU =0.000389

ITER: 2
    HPWL=568797.875000
    OVFL=0.938081
    HPWL=(300882.406250, 267915.468750)
    POTN=8.927426E+09
    PHIC=3.589201E-12
    GRAD=3.306328E-02
    NuBT=1
    CPU =0.000196

ITER: 3
    HPWL=607849.875000
    OVFL=0.906182
    HPWL=(320025.031250, 287824.875000)
    POTN=8.269662E+09
    PHIC=4.219317E-12
    GRAD=1.687592E-02
    NuBT=1
    CPU =0.000476

ITER: 4
    HPWL=635853.250000
    OVFL=0.864146
    HPWL=(336098.218750, 299755.000000)
    POTN=7.305054E+09
    PHIC=4.989016E-12
    GRAD=1.256151E-02
    NuBT=1
    CPU =0.000563

ITER: 5
    HPWL=648077.812500
    OVFL=0.834496
    HPWL=(343824.750000, 304253.062500)
    POTN=6.418747E+09
    PHIC=5.948379E-12
    GRAD=1.549369E-02
    NuBT=2
    CPU =0.000626

ITER: 6
    HPWL=648500.437500
    OVFL=0.818087
    HPWL=(347589.125000, 300911.312500)
    POTN=5.956086E+09
    PHIC=7.136465E-12
    GRAD=1.390019E-02
    NuBT=2
    CPU =0.000482

ITER: 7
    HPWL=652768.875000
    OVFL=0.803941
    HPWL=(351103.375000, 301665.500000)
    POTN=5.596951E+09
    PHIC=8.544518E-12
    GRAD=1.456756E-02
    NuBT=2
    CPU =0.000500

ITER: 8
    HPWL=649159.500000
    OVFL=0.799372
    HPWL=(350582.531250, 298576.968750)
    POTN=5.351489E+09
    PHIC=1.025342E-11
    GRAD=1.347484E-02
    NuBT=2
    CPU =0.000367

ITER: 9
    HPWL=650017.500000
    OVFL=0.794240
    HPWL=(351582.187500, 298435.312500)
    POTN=5.161078E+09
    PHIC=1.229855E-11
    GRAD=1.341708E-02
    NuBT=2
    CPU =0.000373

ITER: 10
    HPWL=646826.000000
    OVFL=0.790654
    HPWL=(350417.125000, 296408.906250)
    POTN=5.028006E+09
    PHIC=1.475826E-11
    GRAD=1.138842E-02
    NuBT=2
    CPU =0.000370

ITER: 11
    HPWL=647358.812500
    OVFL=0.789261
    HPWL=(351075.093750, 296283.718750)
    POTN=4.922434E+09
    PHIC=1.770493E-11
    GRAD=1.194141E-02
    NuBT=1
    CPU =0.000196

ITER: 12
    HPWL=645887.312500
    OVFL=0.788007
    HPWL=(350406.937500, 295480.375000)
    POTN=4.843026E+09
    PHIC=2.124592E-11
    GRAD=9.561433E-03
    NuBT=2
    CPU =0.000530

ITER: 13
    HPWL=646074.062500
    OVFL=0.787478
    HPWL=(350571.593750, 295502.468750)
    POTN=4.777559E+09
    PHIC=2.549260E-11
    GRAD=8.503128E-03
    NuBT=1
    CPU =0.000196

ITER: 14
    HPWL=646092.750000
    OVFL=0.786567
    HPWL=(350591.937500, 295500.812500)
    POTN=4.725489E+09
    PHIC=3.059082E-11
    GRAD=8.015675E-03
    NuBT=2
    CPU =0.000607

ITER: 15
    HPWL=646584.875000
    OVFL=0.786497
    HPWL=(350928.500000, 295656.406250)
    POTN=4.684126E+09
    PHIC=3.669947E-11
    GRAD=8.231668E-03
    NuBT=1
    CPU =0.000266

ITER: 16
    HPWL=647024.812500
    OVFL=0.785664
    HPWL=(351234.875000, 295789.937500)
    POTN=4.652577E+09
    PHIC=4.402916E-11
    GRAD=8.079801E-03
    NuBT=1
    CPU =0.000406

ITER: 17
    HPWL=647123.437500
    OVFL=0.785160
    HPWL=(351215.125000, 295908.312500)
    POTN=4.628613E+09
    PHIC=5.283224E-11
    GRAD=7.338326E-03
    NuBT=1
    CPU =0.000475

ITER: 18
    HPWL=647352.750000
    OVFL=0.784631
    HPWL=(351341.687500, 296011.062500)
    POTN=4.611914E+09
    PHIC=6.339104E-11
    GRAD=6.305297E-03
    NuBT=1
    CPU =0.000398

ITER: 19
    HPWL=647510.625000
    OVFL=0.784500
    HPWL=(351420.031250, 296090.562500)
    POTN=4.601388E+09
    PHIC=7.606292E-11
    GRAD=6.050290E-03
    NuBT=1
    CPU =0.000442

ITER: 20
    HPWL=647865.375000
    OVFL=0.784430
    HPWL=(351774.687500, 296090.687500)
    POTN=4.596128E+09
    PHIC=9.125845E-11
    GRAD=5.834811E-03
    NuBT=1
    CPU =0.000494

ITER: 21
    HPWL=647835.625000
    OVFL=0.784250
    HPWL=(351831.375000, 296004.218750)
    POTN=4.593946E+09
    PHIC=1.095101E-10
    GRAD=5.734049E-03
    NuBT=1
    CPU =0.000547

ITER: 22
    HPWL=647743.500000
    OVFL=0.783863
    HPWL=(351873.718750, 295869.812500)
    POTN=4.593156E+09
    PHIC=1.314122E-10
    GRAD=5.026711E-03
    NuBT=1
    CPU =0.000614

ITER: 23
    HPWL=647375.250000
    OVFL=0.784092
    HPWL=(351677.468750, 295697.781250)
    POTN=4.594656E+09
    PHIC=1.576946E-10
    GRAD=4.565319E-03
    NuBT=1
    CPU =0.000447

ITER: 24
    HPWL=647110.937500
    OVFL=0.784453
    HPWL=(351595.781250, 295515.156250)
    POTN=4.597304E+09
    PHIC=1.892335E-10
    GRAD=4.063020E-03
    NuBT=1
    CPU =0.000488

ITER: 25
    HPWL=646798.750000
    OVFL=0.784791
    HPWL=(351434.593750, 295364.156250)
    POTN=4.600258E+09
    PHIC=2.270802E-10
    GRAD=3.883940E-03
    NuBT=1
    CPU =0.000489

ITER: 26
    HPWL=646483.125000
    OVFL=0.785081
    HPWL=(351272.875000, 295210.281250)
    POTN=4.603074E+09
    PHIC=2.724963E-10
    GRAD=3.458248E-03
    NuBT=1
    CPU =0.000404

ITER: 27
    HPWL=646157.000000
    OVFL=0.785314
    HPWL=(351065.906250, 295091.062500)
    POTN=4.605704E+09
    PHIC=3.269956E-10
    GRAD=3.153223E-03
    NuBT=1
    CPU =0.000428

ITER: 28
    HPWL=645838.312500
    OVFL=0.785495
    HPWL=(350862.406250, 294975.906250)
    POTN=4.607686E+09
    PHIC=3.923947E-10
    GRAD=2.692427E-03
    NuBT=1
    CPU =0.000501

ITER: 29
    HPWL=645624.875000
    OVFL=0.785564
    HPWL=(350735.375000, 294889.468750)
    POTN=4.608491E+09
    PHIC=4.708737E-10
    GRAD=2.449305E-03
    NuBT=1
    CPU =0.000528

ITER: 30
    HPWL=645446.500000
    OVFL=0.785572
    HPWL=(350608.031250, 294838.500000)
    POTN=4.608039E+09
    PHIC=5.650485E-10
    GRAD=2.111635E-03
    NuBT=1
    CPU =0.000463

ITER: 31
    HPWL=645396.437500
    OVFL=0.785474
    HPWL=(350578.875000, 294817.562500)
    POTN=4.605936E+09
    PHIC=6.780582E-10
    GRAD=1.897138E-03
    NuBT=1
    CPU =0.000363

ITER: 32
    HPWL=645362.312500
    OVFL=0.785310
    HPWL=(350529.750000, 294832.562500)
    POTN=4.602311E+09
    PHIC=8.136699E-10
    GRAD=1.584652E-03
    NuBT=1
    CPU =0.000365

ITER: 33
    HPWL=645475.000000
    OVFL=0.785059
    HPWL=(350591.093750, 294883.906250)
    POTN=4.596812E+09
    PHIC=9.763459E-10
    GRAD=1.395140E-03
    NuBT=1
    CPU =0.000356

ITER: 34
    HPWL=645582.812500
    OVFL=0.784772
    HPWL=(350636.468750, 294946.343750)
    POTN=4.589543E+09
    PHIC=1.171549E-09
    GRAD=1.220813E-03
    NuBT=1
    CPU =0.000362

ITER: 35
    HPWL=645808.250000
    OVFL=0.784421
    HPWL=(350779.875000, 295028.406250)
    POTN=4.580028E+09
    PHIC=1.405691E-09
    GRAD=1.165453E-03
    NuBT=1
    CPU =0.000364

ITER: 36
    HPWL=646050.687500
    OVFL=0.784031
    HPWL=(350921.906250, 295128.781250)
    POTN=4.568145E+09
    PHIC=1.686614E-09
    GRAD=1.220051E-03
    NuBT=1
    CPU =0.000455

ITER: 37
    HPWL=646424.375000
    OVFL=0.783602
    HPWL=(351168.218750, 295256.156250)
    POTN=4.553368E+09
    PHIC=2.023538E-09
    GRAD=1.398975E-03
    NuBT=1
    CPU =0.000400

ITER: 38
    HPWL=646814.125000
    OVFL=0.783171
    HPWL=(351413.906250, 295400.250000)
    POTN=4.535504E+09
    PHIC=2.427748E-09
    GRAD=1.747745E-03
    NuBT=1
    CPU =0.000422

ITER: 39
    HPWL=647294.437500
    OVFL=0.782713
    HPWL=(351728.937500, 295565.500000)
    POTN=4.514334E+09
    PHIC=2.912560E-09
    GRAD=2.073257E-03
    NuBT=1
    CPU =0.000481

ITER: 40
    HPWL=647751.187500
    OVFL=0.782199
    HPWL=(352008.156250, 295743.031250)
    POTN=4.489476E+09
    PHIC=3.494231E-09
    GRAD=2.407126E-03
    NuBT=1
    CPU =0.000483

ITER: 41
    HPWL=648288.812500
    OVFL=0.781617
    HPWL=(352339.500000, 295949.312500)
    POTN=4.460285E+09
    PHIC=4.191890E-09
    GRAD=2.660912E-03
    NuBT=1
    CPU =0.000431

ITER: 42
    HPWL=648920.000000
    OVFL=0.780949
    HPWL=(352736.468750, 296183.562500)
    POTN=4.425806E+09
    PHIC=5.028596E-09
    GRAD=3.155077E-03
    NuBT=1
    CPU =0.000509

ITER: 43
    HPWL=649717.750000
    OVFL=0.780040
    HPWL=(353254.531250, 296463.187500)
    POTN=4.385091E+09
    PHIC=6.031779E-09
    GRAD=3.744530E-03
    NuBT=1
    CPU =0.000445

ITER: 44
    HPWL=650669.187500
    OVFL=0.778809
    HPWL=(353879.281250, 296789.906250)
    POTN=4.337220E+09
    PHIC=7.234507E-09
    GRAD=4.558418E-03
    NuBT=1
    CPU =0.000534

ITER: 45
    HPWL=651748.250000
    OVFL=0.777244
    HPWL=(354568.656250, 297179.562500)
    POTN=4.281352E+09
    PHIC=8.676474E-09
    GRAD=5.262836E-03
    NuBT=1
    CPU =0.000417

ITER: 46
    HPWL=653075.250000
    OVFL=0.775503
    HPWL=(355416.968750, 297658.281250)
    POTN=4.216386E+09
    PHIC=1.040449E-08
    GRAD=6.194511E-03
    NuBT=1
    CPU =0.000474

ITER: 47
    HPWL=654615.625000
    OVFL=0.773359
    HPWL=(356384.156250, 298231.468750)
    POTN=4.140890E+09
    PHIC=1.247526E-08
    GRAD=7.244871E-03
    NuBT=1
    CPU =0.000483

ITER: 48
    HPWL=656615.625000
    OVFL=0.770134
    HPWL=(357679.187500, 298936.468750)
    POTN=4.053759E+09
    PHIC=1.495454E-08
    GRAD=8.771862E-03
    NuBT=1
    CPU =0.000485

ITER: 49
    HPWL=658806.000000
    OVFL=0.767004
    HPWL=(359018.437500, 299787.593750)
    POTN=3.955312E+09
    PHIC=1.792475E-08
    GRAD=1.041965E-02
    NuBT=1
    CPU =0.000423

ITER: 50
    HPWL=661522.000000
    OVFL=0.764028
    HPWL=(360750.593750, 300771.437500)
    POTN=3.844988E+09
    PHIC=2.147894E-08
    GRAD=1.238208E-02
    NuBT=1
    CPU =0.000477

ITER: 51
    HPWL=664328.250000
    OVFL=0.761551
    HPWL=(362402.718750, 301925.500000)
    POTN=3.722013E+09
    PHIC=2.573665E-08
    GRAD=1.425961E-02
    NuBT=1
    CPU =0.000495

ITER: 52
    HPWL=668013.687500
    OVFL=0.758377
    HPWL=(364666.562500, 303347.125000)
    POTN=3.586503E+09
    PHIC=3.082406E-08
    GRAD=1.650067E-02
    NuBT=1
    CPU =0.000626

ITER: 53
    HPWL=671859.375000
    OVFL=0.754496
    HPWL=(366871.281250, 304988.125000)
    POTN=3.437443E+09
    PHIC=3.691400E-08
    GRAD=1.897069E-02
    NuBT=1
    CPU =0.000362

ITER: 54
    HPWL=676963.000000
    OVFL=0.748559
    HPWL=(369965.812500, 306997.156250)
    POTN=3.276210E+09
    PHIC=4.417783E-08
    GRAD=2.219619E-02
    NuBT=1
    CPU =0.000355

ITER: 55
    HPWL=682190.125000
    OVFL=0.741389
    HPWL=(372914.875000, 309275.218750)
    POTN=3.105255E+09
    PHIC=5.286758E-08
    GRAD=2.580782E-02
    NuBT=1
    CPU =0.000353

ITER: 56
    HPWL=688636.125000
    OVFL=0.732470
    HPWL=(376813.562500, 311822.593750)
    POTN=2.925818E+09
    PHIC=6.322598E-08
    GRAD=3.012767E-02
    NuBT=1
    CPU =0.000362

ITER: 57
    HPWL=694638.625000
    OVFL=0.725322
    HPWL=(380145.531250, 314493.125000)
    POTN=2.740440E+09
    PHIC=7.563158E-08
    GRAD=3.467207E-02
    NuBT=1
    CPU =0.000816

ITER: 58
    HPWL=701870.062500
    OVFL=0.716454
    HPWL=(384449.312500, 317420.750000)
    POTN=2.555240E+09
    PHIC=9.041272E-08
    GRAD=3.941541E-02
    NuBT=1
    CPU =0.000455

ITER: 59
    HPWL=708377.000000
    OVFL=0.707353
    HPWL=(387799.843750, 320577.125000)
    POTN=2.371745E+09
    PHIC=1.081239E-07
    GRAD=4.370693E-02
    NuBT=1
    CPU =0.000455

ITER: 60
    HPWL=716458.562500
    OVFL=0.699214
    HPWL=(392454.781250, 324003.781250)
    POTN=2.194459E+09
    PHIC=1.291973E-07
    GRAD=4.869973E-02
    NuBT=1
    CPU =0.000445

ITER: 61
    HPWL=723618.000000
    OVFL=0.691991
    HPWL=(395976.218750, 327641.781250)
    POTN=2.025043E+09
    PHIC=1.544530E-07
    GRAD=5.345281E-02
    NuBT=1
    CPU =0.000431

ITER: 62
    HPWL=732563.375000
    OVFL=0.678325
    HPWL=(400719.375000, 331844.031250)
    POTN=1.861450E+09
    PHIC=1.844720E-07
    GRAD=5.756781E-02
    NuBT=1
    CPU =0.000501

ITER: 63
    HPWL=740612.500000
    OVFL=0.662858
    HPWL=(404042.687500, 336569.843750)
    POTN=1.703214E+09
    PHIC=2.204295E-07
    GRAD=6.247542E-02
    NuBT=1
    CPU =0.000470

ITER: 64
    HPWL=746493.750000
    OVFL=0.653224
    HPWL=(405542.250000, 340951.468750)
    POTN=1.565083E+09
    PHIC=2.636969E-07
    GRAD=5.818095E-02
    NuBT=2
    CPU =0.000644

ITER: 65
    HPWL=752287.375000
    OVFL=0.644847
    HPWL=(407157.375000, 345130.000000)
    POTN=1.439223E+09
    PHIC=3.154717E-07
    GRAD=5.930531E-02
    NuBT=2
    CPU =0.000612

ITER: 66
    HPWL=760968.125000
    OVFL=0.628563
    HPWL=(410897.000000, 350071.156250)
    POTN=1.317793E+09
    PHIC=3.768384E-07
    GRAD=6.173657E-02
    NuBT=2
    CPU =0.000447

ITER: 67
    HPWL=768333.812500
    OVFL=0.610602
    HPWL=(412966.625000, 355367.187500)
    POTN=1.197021E+09
    PHIC=4.504543E-07
    GRAD=6.248412E-02
    NuBT=2
    CPU =0.000395

ITER: 68
    HPWL=776115.937500
    OVFL=0.595326
    HPWL=(415587.406250, 360528.531250)
    POTN=1.088611E+09
    PHIC=5.383331E-07
    GRAD=6.346869E-02
    NuBT=2
    CPU =0.000465

ITER: 69
    HPWL=782500.562500
    OVFL=0.579119
    HPWL=(416979.343750, 365521.218750)
    POTN=9.849213E+08
    PHIC=6.438300E-07
    GRAD=6.743611E-02
    NuBT=2
    CPU =0.000431

ITER: 70
    HPWL=790721.875000
    OVFL=0.563249
    HPWL=(419670.812500, 371051.031250)
    POTN=8.794952E+08
    PHIC=7.692564E-07
    GRAD=7.339630E-02
    NuBT=2
    CPU =0.000485

ITER: 71
    HPWL=797914.750000
    OVFL=0.543735
    HPWL=(421183.968750, 376730.750000)
    POTN=7.742705E+08
    PHIC=9.196156E-07
    GRAD=8.251453E-02
    NuBT=2
    CPU =0.000494

ITER: 72
    HPWL=807064.437500
    OVFL=0.525590
    HPWL=(423586.656250, 383477.781250)
    POTN=6.669666E+08
    PHIC=1.098231E-06
    GRAD=9.553783E-02
    NuBT=2
    CPU =0.000465

ITER: 73
    HPWL=817059.625000
    OVFL=0.511489
    HPWL=(425790.781250, 391268.875000)
    POTN=5.601345E+08
    PHIC=1.310954E-06
    GRAD=1.186756E-01
    NuBT=1
    CPU =0.000429

ITER: 74
    HPWL=827826.812500
    OVFL=0.490384
    HPWL=(427247.718750, 400579.093750)
    POTN=4.553127E+08
    PHIC=1.564245E-06
    GRAD=1.351902E-01
    NuBT=1
    CPU =0.000531

ITER: 75
    HPWL=836135.562500
    OVFL=0.472920
    HPWL=(427815.656250, 408319.906250)
    POTN=3.595216E+08
    PHIC=1.868894E-06
    GRAD=1.443844E-01
    NuBT=1
    CPU =0.000353

ITER: 76
    HPWL=844570.500000
    OVFL=0.459150
    HPWL=(429844.125000, 414726.343750)
    POTN=2.774820E+08
    PHIC=2.232727E-06
    GRAD=1.549776E-01
    NuBT=1
    CPU =0.000365

ITER: 77
    HPWL=854376.062500
    OVFL=0.451272
    HPWL=(432908.625000, 421467.437500)
    POTN=2.102747E+08
    PHIC=2.665464E-06
    GRAD=1.656598E-01
    NuBT=1
    CPU =0.000382

ITER: 78
    HPWL=867657.375000
    OVFL=0.436305
    HPWL=(437048.593750, 430608.750000)
    POTN=1.556426E+08
    PHIC=3.176250E-06
    GRAD=1.787968E-01
    NuBT=1
    CPU =0.000363

ITER: 79
    HPWL=876806.125000
    OVFL=0.428818
    HPWL=(438085.156250, 438721.000000)
    POTN=1.130492E+08
    PHIC=3.793170E-06
    GRAD=1.796219E-01
    NuBT=2
    CPU =0.000575

ITER: 80
    HPWL=890336.687500
    OVFL=0.416640
    HPWL=(440730.187500, 449606.500000)
    POTN=8.068890E+07
    PHIC=4.519467E-06
    GRAD=1.877693E-01
    NuBT=2
    CPU =0.000440

ITER: 81
    HPWL=907328.375000
    OVFL=0.395683
    HPWL=(447278.937500, 460049.437500)
    POTN=5.707625E+07
    PHIC=5.375018E-06
    GRAD=2.025772E-01
    NuBT=1
    CPU =0.000241

ITER: 82
    HPWL=907640.250000
    OVFL=0.382510
    HPWL=(443024.812500, 464615.406250)
    POTN=4.107759E+07
    PHIC=6.448962E-06
    GRAD=1.971934E-01
    NuBT=2
    CPU =0.000673

ITER: 83
    HPWL=913412.812500
    OVFL=0.365062
    HPWL=(443846.625000, 469566.187500)
    POTN=3.179567E+07
    PHIC=7.715251E-06
    GRAD=2.078570E-01
    NuBT=2
    CPU =0.000413

ITER: 84
    HPWL=915224.375000
    OVFL=0.348350
    HPWL=(443308.156250, 471916.218750)
    POTN=2.608966E+07
    PHIC=9.249467E-06
    GRAD=2.115000E-01
    NuBT=2
    CPU =0.000415

ITER: 85
    HPWL=914002.125000
    OVFL=0.334887
    HPWL=(442314.093750, 471688.062500)
    POTN=2.206153E+07
    PHIC=1.109936E-05
    GRAD=2.065185E-01
    NuBT=2
    CPU =0.000480

ITER: 86
    HPWL=916849.312500
    OVFL=0.317076
    HPWL=(442949.625000, 473899.687500)
    POTN=1.878362E+07
    PHIC=1.329927E-05
    GRAD=2.062082E-01
    NuBT=2
    CPU =0.000517

ITER: 87
    HPWL=918862.062500
    OVFL=0.302458
    HPWL=(442845.437500, 476016.625000)
    POTN=1.565547E+07
    PHIC=1.594220E-05
    GRAD=1.989344E-01
    NuBT=2
    CPU =0.000448

ITER: 88
    HPWL=924171.750000
    OVFL=0.291306
    HPWL=(444936.875000, 479234.843750)
    POTN=1.293170E+07
    PHIC=1.907720E-05
    GRAD=2.058728E-01
    NuBT=1
    CPU =0.000211

ITER: 89
    HPWL=926408.500000
    OVFL=0.275840
    HPWL=(444847.875000, 481560.625000)
    POTN=1.034411E+07
    PHIC=2.286567E-05
    GRAD=1.974997E-01
    NuBT=1
    CPU =0.000391

ITER: 90
    HPWL=926879.125000
    OVFL=0.259227
    HPWL=(444322.281250, 482556.875000)
    POTN=8.419340E+06
    PHIC=2.743200E-05
    GRAD=1.864820E-01
    NuBT=1
    CPU =0.000441

ITER: 91
    HPWL=928165.875000
    OVFL=0.240056
    HPWL=(444507.718750, 483658.156250)
    POTN=6.814862E+06
    PHIC=3.289609E-05
    GRAD=1.783182E-01
    NuBT=1
    CPU =0.000428

ITER: 92
    HPWL=929126.937500
    OVFL=0.231330
    HPWL=(445065.218750, 484061.718750)
    POTN=5.685308E+06
    PHIC=3.945532E-05
    GRAD=1.729775E-01
    NuBT=1
    CPU =0.000413

ITER: 93
    HPWL=930879.750000
    OVFL=0.222656
    HPWL=(446465.593750, 484414.156250)
    POTN=4.725922E+06
    PHIC=4.730268E-05
    GRAD=1.632926E-01
    NuBT=1
    CPU =0.000496

ITER: 94
    HPWL=932270.750000
    OVFL=0.213655
    HPWL=(446853.937500, 485416.843750)
    POTN=3.961171E+06
    PHIC=5.672162E-05
    GRAD=1.529956E-01
    NuBT=1
    CPU =0.000502

ITER: 95
    HPWL=935256.625000
    OVFL=0.203524
    HPWL=(448330.250000, 486926.343750)
    POTN=3.301151E+06
    PHIC=6.795894E-05
    GRAD=1.441455E-01
    NuBT=1
    CPU =0.000448

ITER: 96
    HPWL=937371.312500
    OVFL=0.193002
    HPWL=(449365.687500, 488005.625000)
    POTN=2.731997E+06
    PHIC=8.145990E-05
    GRAD=1.330547E-01
    NuBT=1
    CPU =0.000454

ITER: 97
    HPWL=939567.437500
    OVFL=0.185068
    HPWL=(450296.093750, 489271.343750)
    POTN=2.326941E+06
    PHIC=9.763883E-05
    GRAD=1.235704E-01
    NuBT=1
    CPU =0.000358

ITER: 98
    HPWL=940963.875000
    OVFL=0.177777
    HPWL=(450290.093750, 490673.750000)
    POTN=2.006587E+06
    PHIC=1.170804E-04
    GRAD=1.092396E-01
    NuBT=1
    CPU =0.000364

ITER: 99
    HPWL=943397.625000
    OVFL=0.160934
    HPWL=(451175.000000, 492222.625000)
    POTN=1.662036E+06
    PHIC=1.403164E-04
    GRAD=1.000130E-01
    NuBT=1
    CPU =0.000350

ITER: 100
    HPWL=946164.375000
    OVFL=0.149644
    HPWL=(452064.562500, 494099.843750)
    POTN=1.411836E+06
    PHIC=1.681344E-04
    GRAD=9.204751E-02
    NuBT=1
    CPU =0.000366

ITER: 101
    HPWL=949503.500000
    OVFL=0.144052
    HPWL=(453258.750000, 496244.781250)
    POTN=1.241012E+06
    PHIC=2.014067E-04
    GRAD=8.453786E-02
    NuBT=1
    CPU =0.000356

ITER: 102
    HPWL=951565.312500
    OVFL=0.138646
    HPWL=(454212.968750, 497352.343750)
    POTN=1.084649E+06
    PHIC=2.414255E-04
    GRAD=7.418065E-02
    NuBT=1
    CPU =0.000445

ITER: 103
    HPWL=953723.375000
    OVFL=0.130443
    HPWL=(455194.000000, 498529.343750)
    POTN=9.482667E+05
    PHIC=2.893814E-04
    GRAD=6.562344E-02
    NuBT=1
    CPU =0.000421

ITER: 104
    HPWL=955457.625000
    OVFL=0.119808
    HPWL=(456209.218750, 499248.375000)
    POTN=8.170166E+05
    PHIC=3.469405E-04
    GRAD=5.925297E-02
    NuBT=1
    CPU =0.000405

ITER: 105
    HPWL=957817.000000
    OVFL=0.109895
    HPWL=(458087.062500, 499729.906250)
    POTN=6.904129E+05
    PHIC=4.158113E-04
    GRAD=5.374241E-02
    NuBT=1
    CPU =0.000464

ITER: 106
    HPWL=961619.437500
    OVFL=0.099976
    HPWL=(460251.843750, 501367.593750)
    POTN=5.950872E+05
    PHIC=4.979749E-04
    GRAD=4.814732E-02
    NuBT=1
    CPU =0.000387

ITER: 107
    HPWL=964677.000000
    OVFL=0.093885
    HPWL=(461454.000000, 503222.968750)
    POTN=5.070275E+05
    PHIC=5.966079E-04
    GRAD=4.178736E-02
    NuBT=1
    CPU =0.000448

ITER: 108
    HPWL=967596.750000
    OVFL=0.089252
    HPWL=(462854.750000, 504742.000000)
    POTN=4.711002E+05
    PHIC=7.148288E-04
    GRAD=3.736266E-02
    NuBT=1
    CPU =0.000484

ITER: 109
    HPWL=969927.250000
    OVFL=0.089056
    HPWL=(463901.781250, 506025.437500)
    POTN=4.822902E+05
    PHIC=8.567419E-04
    GRAD=3.848296E-02
    NuBT=1
    CPU =0.000528

ITER: 110
    HPWL=971521.000000
    OVFL=0.090642
    HPWL=(463812.156250, 507708.843750)
    POTN=6.503975E+05
    PHIC=8.567419E-04
    GRAD=4.374700E-02
    NuBT=2
    CPU =0.000562

ITER: 111
    HPWL=970885.937500
    OVFL=0.096366
    HPWL=(464115.750000, 506770.187500)
    POTN=8.950076E+05
    PHIC=8.567419E-04
    GRAD=5.004234E-02
    NuBT=2
    CPU =0.000487

ITER: 112
    HPWL=976902.875000
    OVFL=0.090730
    HPWL=(465293.000000, 511609.906250)
    POTN=7.183283E+05
    PHIC=8.567419E-04
    GRAD=4.873648E-02
    NuBT=1
    CPU =0.000299

ITER: 113
    HPWL=977976.875000
    OVFL=0.095908
    HPWL=(466109.500000, 511867.406250)
    POTN=8.313818E+05
    PHIC=8.567419E-04
    GRAD=5.159284E-02
    NuBT=1
    CPU =0.000485

ITER: 114
    HPWL=982532.250000
    OVFL=0.092784
    HPWL=(466458.500000, 516073.750000)
    POTN=7.778101E+05
    PHIC=8.567419E-04
    GRAD=5.453017E-02
    NuBT=1
    CPU =0.000515

ITER: 115
    HPWL=982085.375000
    OVFL=0.090152
    HPWL=(467241.500000, 514843.906250)
    POTN=8.094614E+05
    PHIC=8.567419E-04
    GRAD=5.192260E-02
    NuBT=2
    CPU =0.000625

ITER: 116
    HPWL=985211.500000
    OVFL=0.087413
    HPWL=(467623.875000, 517587.625000)
    POTN=6.697979E+05
    PHIC=8.567419E-04
    GRAD=4.975225E-02
    NuBT=1
    CPU =0.000297

ITER: 117
    HPWL=983661.375000
    OVFL=0.087023
    HPWL=(467897.750000, 515763.625000)
    POTN=7.936264E+05
    PHIC=8.567419E-04
    GRAD=5.076621E-02
    NuBT=1
    CPU =0.000445

ITER: 118
    HPWL=987331.875000
    OVFL=0.087448
    HPWL=(468623.218750, 518708.625000)
    POTN=6.576351E+05
    PHIC=8.567419E-04
    GRAD=4.848043E-02
    NuBT=1
    CPU =0.000489

INFO:    SUMMARY cGP2D
INFO:    #iterations = 118
INFO:        cGP2D ITERATION HPWL 987331.8750
INFO:        cGP2D ITERATION OVFL 0.0874
INFO:        cGP2D      POTENTIAL 657635.1250
INFO:    TOTAL HPWL (U_k, V_k) = 981529.562500, 987331.875000
RESULT:
   HPWL(cGP2D): 981529.6250 (466401.5312, 515128.0625)

   RUNTIME(s) : 0.0556


PROC:  END GLOBAL 2D PLACEMENT




=== SUMMARY =========================================================
 ### HPWL (x, y) of the design is 981529.63 (466401.45, 515128.18).

 ### Numbers of Iterations: 
     cGP2D:  118 (0.0005 sec/iter)
     ____________________________________
     TOTAL:  118

 ### CPU_{IP, TP, mGP, LG, cGP, DP} is 0.00, 0.00, 0.00, 0.00, 0.06, 0.00.
 ### CPU_TOT is 0.09 seconds (0.00 min).

