CMD :  ../../bin/RePlAce-static -pcofmax 1.2 -onlyGP -bmflag ibm -bmname shrunked-2d-replace 
INFO:  VERSION, Compiled at Nov  8 2021 16:06:29
INFO:  Now is Wed Aug 31 12:01:00 2022
INFO:  Target Density = 1.000000
INFO:  Experiment Index 0
INFO:  DIR_PATH = /home/frankchiang/contest/iccad2022/3d-placer/run_tmp/case2/outputs/IBM/shrunked-2d-replace/experiment0

OPEN /home/frankchiang/contest/iccad2022/3d-placer/run_tmp/case2/IBM/shrunked-2d-replace/shrunked-2d-replace.aux
PROC:  BEGIN IMPORTING PLACEMENT INPUT
INFO:  PLACEMENT INSTANCES INCLUDING STDCELL and MOVABLE MACRO
INFO:    Instance   MinX=50.00, MaxX=1034.00
INFO:               MinY=107.00, MaxY=107.00
INFO:               AvgX=210.14, AvgY=107.00
INFO:      Smallest Instance       C2605  Size 5350.00
INFO:      Largest  Instance       C1371  Size 110638.00
INFO:  TERMINALS INCLUDING PAD and FIXED MACRO
INFO:    Terminal   MinX=1000000015047466219876688855040.00, MaxX=-1000000015047466219876688855040.00
INFO:               MinY=1000000015047466219876688855040.00, MaxY=-1000000015047466219876688855040.00
INFO:               AvgX=-nan, AvgY=-nan
INFO:  #NET=2644
INFO:  #PIN=8118
INFO:    Maximum Net Degree is 65
INFO:  ASPECT RATIO=0.799214
INFO:  ROW = (MinX=0.000000, MinY=0.000000)
INFO:  ROW = (MaxX=10175.000000, MaxY=8132.000000)
INFO:  TERM: (0.000000, 0.000000) - (0.000000, 0.000000)
INFO:  NOTE:   0% Whitespace is Added to Each Tier.
INFO:    LARGEST MACRO SIZE (X,Y) = (1034, 107)
INFO:    TIER DIMENSION (X,Y) = (10175, 8132)
INFO:  #STDCELL=2735,  #movableMACRO=0,  #fixedMACRO=0
INFO:  #ROW=76,  ROW HEIGHT=107, TIER DEPTH=1
INFO:  GLOBAL.SPACE.MIN = (0.000000, 0.000000, 0.000000)
INFO:  GLOBAL.SPACE.MAX = (10175.000000, 8132.000000, 1.000000)
INFO:  PLACE.ORIGIN = (0, 0, 0)
INFO:  PLACE.END = (10175, 8132, 1)

PROC:  END IMPORTING PLACEMENT INPUT


PROC:  BEGIN INITIAL PLACEMENT (IP)
PROC:  Conjugate Gradient (CG) method to obtain the IP
INFO:  The Initial HPWL is 398755.000000
INFO:  IP  1,  CG Error 5.325109,  HPWL 261068.564453,  CPUtime 0.01
INFO:  IP  2,  CG Error 0.014639,  HPWL 233093.860840,  CPUtime 0.01
INFO:  IP  3,  CG Error 0.014639,  HPWL 221955.145996,  CPUtime 0.01
INFO:  IP  4,  CG Error 0.014639,  HPWL 217120.057617,  CPUtime 0.01
INFO:  IP  5,  CG Error 0.014639,  HPWL 214874.153320,  CPUtime 0.01
INFO:  IP  6,  CG Error 0.014639,  HPWL 213989.500488,  CPUtime 0.01
INFO:  IP  7,  CG Error 0.014639,  HPWL 213377.559570,  CPUtime 0.01
INFO:  IP  8,  CG Error 0.014639,  HPWL 213230.202637,  CPUtime 0.01
INFO:  IP  9,  CG Error 0.014639,  HPWL 212830.954102,  CPUtime 0.01
INFO:  IP 10,  CG Error 0.014639,  HPWL 212896.407715,  CPUtime 0.01
INFO:  IP 11,  CG Error 0.014639,  HPWL 212703.253418,  CPUtime 0.01
INFO:  IP 12,  CG Error 0.014639,  HPWL 212902.408203,  CPUtime 0.01
INFO:  IP 13,  CG Error 0.014639,  HPWL 212737.340820,  CPUtime 0.01
INFO:  IP 14,  CG Error 0.014639,  HPWL 212715.912109,  CPUtime 0.01
INFO:  IP 15,  CG Error 0.014639,  HPWL 212643.124023,  CPUtime 0.01
INFO:  IP 16,  CG Error 0.014639,  HPWL 212619.140137,  CPUtime 0.01
INFO:  IP 17,  CG Error 0.014639,  HPWL 212482.785645,  CPUtime 0.01
INFO:  IP 18,  CG Error 0.014639,  HPWL 212696.533203,  CPUtime 0.01
INFO:  IP 19,  CG Error 0.014639,  HPWL 212486.367188,  CPUtime 0.01
INFO:  IP 20,  CG Error 0.014639,  HPWL 212634.624023,  CPUtime 0.01
INFO:  IP 21,  CG Error 0.014639,  HPWL 212501.050781,  CPUtime 0.01
INFO:  IP 22,  CG Error 0.014639,  HPWL 212465.286133,  CPUtime 0.01
INFO:  IP 23,  CG Error 0.014639,  HPWL 212374.729980,  CPUtime 0.01
INFO:  IP 24,  CG Error 0.014639,  HPWL 212528.253906,  CPUtime 0.01
INFO:  IP 25,  CG Error 0.014639,  HPWL 212420.353027,  CPUtime 0.01
INFO:  IP 26,  CG Error 0.014639,  HPWL 212517.438965,  CPUtime 0.01
INFO:  IP 27,  CG Error 0.014639,  HPWL 212409.227539,  CPUtime 0.01
INFO:  IP 28,  CG Error 0.014639,  HPWL 212439.368652,  CPUtime 0.01
INFO:  IP 29,  CG Error 0.014639,  HPWL 212423.111816,  CPUtime 0.01
INFO:  IP 30,  CG Error 0.014639,  HPWL 212511.203613,  CPUtime 0.01
RESULT:
   HPWL(IP): 212511.1250 (161948.1250, 50563.0000, 0.0000)

PROC:  END INITIAL PLACEMENT (IP)


INFO:  Chip Area: 10175 x 8132 x 1 = 82743104 
INFO:  Total_PL_Area = 82743104, %100.00 of chip
INFO:  Total_TermPL_Area = 0, %0.00 of PL
INFO:  Total_WS_Area = 82743104, %100.00 of PL
INFO:  Total_Macro_Area = 0, %0.00 of WS
INFO:  Total_StdCell_Area = 61496224, %74.32 of WS
INFO:  Average 80pct Cell Area = 20308.6172
INFO:  FillerCell's Area = 20308.617188
INFO:  FillerCell's X = 189.800156 , FillerCell's Y = 107.000000, FillerCell's Z = 1.000000
INFO:  #CELL = 3781 =  2735 (#MODULE) + 1046 (#FILLER)
INFO:  Average Module Width = 210.138947, Row Height = 107.000000
INFO:  D_MSH = 32768 
INFO:  MSH(X, Y, Z) = (32, 32, 32)
INFO:  Boundary Bins Max_b_x=32, Max_b_y=32, Max_b_z=32
INFO:  Bin Step X=317.9688, Y=254.1250, Z=0.0312

PROC:  Standard Cell 2D Global Placement (cGP2D)
INFO:  Tier 0, Density is 0.743219
INFO:  dim_bin_cGP2D.(x,y) = (32, 32)
PROC:  Start NESTEROV's Optimization
PROC:    Global Lagrangian Multiplier is Applied

ITER: 0
    HPWL=214255.593750
    OVFL=0.988933
    HPWL=(163112.234375, 51143.363281)
    POTN=2.828752E+10
    PHIC=3.232936E-13
    GRAD=2.859619E-03
    NuBT=0
    CPU =0.000000

ITER: 1
    HPWL=214255.609375
    OVFL=0.988933
    HPWL=(163112.359375, 51143.253906)
    POTN=2.828753E+10
    PHIC=3.879524E-13
    GRAD=3.025774E-03
    NuBT=1
    CPU =0.001016

ITER: 2
    HPWL=214251.046875
    OVFL=0.988932
    HPWL=(163113.484375, 51137.562500)
    POTN=2.828756E+10
    PHIC=4.655429E-13
    GRAD=3.024484E-03
    NuBT=1
    CPU =0.000520

ITER: 3
    HPWL=223442.906250
    OVFL=0.988313
    HPWL=(179752.468750, 43690.445312)
    POTN=2.825981E+10
    PHIC=5.559522E-13
    GRAD=1.349319E-03
    NuBT=1
    CPU =0.000510

ITER: 4
    HPWL=226609.218750
    OVFL=0.987483
    HPWL=(185846.984375, 40762.230469)
    POTN=2.821239E+10
    PHIC=6.660305E-13
    GRAD=8.488894E-04
    NuBT=1
    CPU =0.000513

ITER: 5
    HPWL=229226.062500
    OVFL=0.987134
    HPWL=(189666.406250, 39559.660156)
    POTN=2.819856E+10
    PHIC=7.981353E-13
    GRAD=9.519057E-04
    NuBT=2
    CPU =0.000987

ITER: 6
    HPWL=227438.531250
    OVFL=0.986915
    HPWL=(189249.171875, 38189.351562)
    POTN=2.819209E+10
    PHIC=9.577624E-13
    GRAD=7.429057E-04
    NuBT=2
    CPU =0.000981

ITER: 7
    HPWL=228026.031250
    OVFL=0.986735
    HPWL=(190618.906250, 37407.125000)
    POTN=2.819656E+10
    PHIC=1.148959E-12
    GRAD=6.899876E-04
    NuBT=2
    CPU =0.000980

ITER: 8
    HPWL=226881.687500
    OVFL=0.986593
    HPWL=(190016.671875, 36865.011719)
    POTN=2.820272E+10
    PHIC=1.378751E-12
    GRAD=6.104375E-04
    NuBT=2
    CPU =0.000981

ITER: 9
    HPWL=226947.000000
    OVFL=0.986465
    HPWL=(190630.390625, 36316.605469)
    POTN=2.821075E+10
    PHIC=1.654444E-12
    GRAD=5.965172E-04
    NuBT=1
    CPU =0.000505

ITER: 10
    HPWL=226140.140625
    OVFL=0.986380
    HPWL=(190226.390625, 35913.746094)
    POTN=2.821618E+10
    PHIC=1.985334E-12
    GRAD=5.143736E-04
    NuBT=2
    CPU =0.000980

ITER: 11
    HPWL=226032.000000
    OVFL=0.986357
    HPWL=(190525.406250, 35506.585938)
    POTN=2.822074E+10
    PHIC=2.382400E-12
    GRAD=4.656021E-04
    NuBT=1
    CPU =0.000506

ITER: 12
    HPWL=225844.687500
    OVFL=0.986333
    HPWL=(190595.640625, 35249.054688)
    POTN=2.822289E+10
    PHIC=2.858880E-12
    GRAD=4.769817E-04
    NuBT=1
    CPU =0.000503

ITER: 13
    HPWL=225888.796875
    OVFL=0.986304
    HPWL=(190912.812500, 34975.980469)
    POTN=2.822408E+10
    PHIC=3.430577E-12
    GRAD=4.743462E-04
    NuBT=1
    CPU =0.000507

ITER: 14
    HPWL=225688.593750
    OVFL=0.986427
    HPWL=(190906.328125, 34782.265625)
    POTN=2.822409E+10
    PHIC=4.116693E-12
    GRAD=4.537917E-04
    NuBT=1
    CPU =0.000503

ITER: 15
    HPWL=225535.734375
    OVFL=0.986582
    HPWL=(190972.328125, 34563.406250)
    POTN=2.822376E+10
    PHIC=4.940031E-12
    GRAD=4.125115E-04
    NuBT=1
    CPU =0.000505

ITER: 16
    HPWL=225412.703125
    OVFL=0.986716
    HPWL=(190997.328125, 34415.375000)
    POTN=2.822285E+10
    PHIC=5.928038E-12
    GRAD=3.965369E-04
    NuBT=1
    CPU =0.000502

ITER: 17
    HPWL=225422.718750
    OVFL=0.986831
    HPWL=(191153.984375, 34268.742188)
    POTN=2.822183E+10
    PHIC=7.113608E-12
    GRAD=3.951360E-04
    NuBT=1
    CPU =0.000514

ITER: 18
    HPWL=225401.453125
    OVFL=0.986939
    HPWL=(191252.187500, 34149.265625)
    POTN=2.822041E+10
    PHIC=8.536330E-12
    GRAD=3.989472E-04
    NuBT=1
    CPU =0.000507

ITER: 19
    HPWL=225353.953125
    OVFL=0.987016
    HPWL=(191336.140625, 34017.808594)
    POTN=2.821890E+10
    PHIC=1.024360E-11
    GRAD=3.819469E-04
    NuBT=1
    CPU =0.000514

ITER: 20
    HPWL=225271.234375
    OVFL=0.987059
    HPWL=(191381.000000, 33890.234375)
    POTN=2.821668E+10
    PHIC=1.229232E-11
    GRAD=3.613484E-04
    NuBT=1
    CPU =0.000506

ITER: 21
    HPWL=225221.265625
    OVFL=0.987069
    HPWL=(191450.671875, 33770.589844)
    POTN=2.821426E+10
    PHIC=1.475078E-11
    GRAD=3.450525E-04
    NuBT=1
    CPU =0.000513

ITER: 22
    HPWL=225206.656250
    OVFL=0.987076
    HPWL=(191546.140625, 33660.507812)
    POTN=2.821106E+10
    PHIC=1.770094E-11
    GRAD=3.429326E-04
    NuBT=1
    CPU =0.000508

ITER: 23
    HPWL=225193.906250
    OVFL=0.987063
    HPWL=(191638.890625, 33555.015625)
    POTN=2.820690E+10
    PHIC=2.124113E-11
    GRAD=3.365744E-04
    NuBT=1
    CPU =0.000509

ITER: 24
    HPWL=225163.187500
    OVFL=0.987028
    HPWL=(191715.984375, 33447.195312)
    POTN=2.820099E+10
    PHIC=2.548935E-11
    GRAD=3.261827E-04
    NuBT=1
    CPU =0.000504

ITER: 25
    HPWL=225135.578125
    OVFL=0.986989
    HPWL=(191787.265625, 33348.312500)
    POTN=2.819361E+10
    PHIC=3.058723E-11
    GRAD=3.077977E-04
    NuBT=1
    CPU =0.000509

ITER: 26
    HPWL=225113.375000
    OVFL=0.986948
    HPWL=(191863.187500, 33250.187500)
    POTN=2.818390E+10
    PHIC=3.670467E-11
    GRAD=2.959831E-04
    NuBT=1
    CPU =0.000507

ITER: 27
    HPWL=225104.031250
    OVFL=0.986908
    HPWL=(191949.703125, 33154.332031)
    POTN=2.817187E+10
    PHIC=4.404561E-11
    GRAD=2.841286E-04
    NuBT=1
    CPU =0.000503

ITER: 28
    HPWL=225091.343750
    OVFL=0.986864
    HPWL=(192033.531250, 33057.804688)
    POTN=2.815634E+10
    PHIC=5.285473E-11
    GRAD=2.769409E-04
    NuBT=1
    CPU =0.000502

ITER: 29
    HPWL=225066.843750
    OVFL=0.986822
    HPWL=(192102.468750, 32964.371094)
    POTN=2.813717E+10
    PHIC=6.342568E-11
    GRAD=2.636287E-04
    NuBT=1
    CPU =0.000515

ITER: 30
    HPWL=225033.000000
    OVFL=0.986769
    HPWL=(192162.375000, 32870.617188)
    POTN=2.811290E+10
    PHIC=7.611082E-11
    GRAD=2.535539E-04
    NuBT=1
    CPU =0.000508

ITER: 31
    HPWL=225008.718750
    OVFL=0.986715
    HPWL=(192224.796875, 32783.929688)
    POTN=2.808300E+10
    PHIC=9.133299E-11
    GRAD=2.425526E-04
    NuBT=1
    CPU =0.000515

ITER: 32
    HPWL=224991.390625
    OVFL=0.986653
    HPWL=(192287.734375, 32703.658203)
    POTN=2.804581E+10
    PHIC=1.095996E-10
    GRAD=2.403484E-04
    NuBT=1
    CPU =0.000504

ITER: 33
    HPWL=224993.906250
    OVFL=0.986654
    HPWL=(192346.671875, 32647.230469)
    POTN=2.800041E+10
    PHIC=1.315194E-10
    GRAD=2.399138E-04
    NuBT=1
    CPU =0.000515

ITER: 34
    HPWL=225007.687500
    OVFL=0.986651
    HPWL=(192409.359375, 32598.324219)
    POTN=2.794452E+10
    PHIC=1.578221E-10
    GRAD=2.485629E-04
    NuBT=1
    CPU =0.000507

ITER: 35
    HPWL=225065.437500
    OVFL=0.986645
    HPWL=(192473.015625, 32592.416016)
    POTN=2.787664E+10
    PHIC=1.893808E-10
    GRAD=2.622244E-04
    NuBT=1
    CPU =0.000510

ITER: 36
    HPWL=225157.562500
    OVFL=0.986633
    HPWL=(192553.750000, 32603.814453)
    POTN=2.779390E+10
    PHIC=2.272459E-10
    GRAD=2.904383E-04
    NuBT=1
    CPU =0.000504

ITER: 37
    HPWL=225305.625000
    OVFL=0.986616
    HPWL=(192643.921875, 32661.707031)
    POTN=2.769431E+10
    PHIC=2.726738E-10
    GRAD=3.309819E-04
    NuBT=1
    CPU =0.000512

ITER: 38
    HPWL=225520.109375
    OVFL=0.986589
    HPWL=(192768.203125, 32751.902344)
    POTN=2.757468E+10
    PHIC=3.271716E-10
    GRAD=3.892440E-04
    NuBT=1
    CPU =0.000506

ITER: 39
    HPWL=225800.593750
    OVFL=0.986555
    HPWL=(192891.921875, 32908.667969)
    POTN=2.743319E+10
    PHIC=3.925479E-10
    GRAD=4.586792E-04
    NuBT=1
    CPU =0.000512

ITER: 40
    HPWL=226160.750000
    OVFL=0.986512
    HPWL=(193055.015625, 33105.742188)
    POTN=2.726688E+10
    PHIC=4.709681E-10
    GRAD=5.429348E-04
    NuBT=1
    CPU =0.000522

ITER: 41
    HPWL=226610.031250
    OVFL=0.986458
    HPWL=(193222.859375, 33387.164062)
    POTN=2.707340E+10
    PHIC=5.650280E-10
    GRAD=6.413843E-04
    NuBT=1
    CPU =0.000502

ITER: 42
    HPWL=227228.875000
    OVFL=0.986392
    HPWL=(193479.734375, 33749.144531)
    POTN=2.685039E+10
    PHIC=6.778125E-10
    GRAD=7.623684E-04
    NuBT=1
    CPU =0.000505

ITER: 43
    HPWL=227996.796875
    OVFL=0.986312
    HPWL=(193768.000000, 34228.800781)
    POTN=2.659702E+10
    PHIC=8.130460E-10
    GRAD=9.044485E-04
    NuBT=1
    CPU =0.000513

ITER: 44
    HPWL=228994.406250
    OVFL=0.986219
    HPWL=(194176.531250, 34817.867188)
    POTN=2.631228E+10
    PHIC=9.751425E-10
    GRAD=1.070132E-03
    NuBT=1
    CPU =0.000507

ITER: 45
    HPWL=230227.343750
    OVFL=0.986109
    HPWL=(194661.156250, 35566.183594)
    POTN=2.599723E+10
    PHIC=1.169411E-09
    GRAD=1.256847E-03
    NuBT=1
    CPU =0.000506

ITER: 46
    HPWL=231843.953125
    OVFL=0.985957
    HPWL=(195362.546875, 36481.410156)
    POTN=2.565440E+10
    PHIC=1.402098E-09
    GRAD=1.472600E-03
    NuBT=1
    CPU =0.000510

ITER: 47
    HPWL=233850.187500
    OVFL=0.985758
    HPWL=(196222.343750, 37627.839844)
    POTN=2.528946E+10
    PHIC=1.680740E-09
    GRAD=1.720449E-03
    NuBT=1
    CPU =0.000516

ITER: 48
    HPWL=236450.953125
    OVFL=0.985378
    HPWL=(197401.609375, 39049.347656)
    POTN=2.490951E+10
    PHIC=2.014126E-09
    GRAD=2.007064E-03
    NuBT=1
    CPU =0.000511

ITER: 49
    HPWL=239682.500000
    OVFL=0.984211
    HPWL=(198878.437500, 40804.062500)
    POTN=2.452360E+10
    PHIC=2.412839E-09
    GRAD=2.333350E-03
    NuBT=1
    CPU =0.000508

ITER: 50
    HPWL=243831.250000
    OVFL=0.981903
    HPWL=(200857.468750, 42973.781250)
    POTN=2.414488E+10
    PHIC=2.889085E-09
    GRAD=2.716328E-03
    NuBT=1
    CPU =0.000509

ITER: 51
    HPWL=249055.125000
    OVFL=0.980143
    HPWL=(203397.343750, 45657.789062)
    POTN=2.378832E+10
    PHIC=3.457372E-09
    GRAD=3.184039E-03
    NuBT=1
    CPU =0.000515

ITER: 52
    HPWL=255783.843750
    OVFL=0.978086
    HPWL=(206738.906250, 49044.941406)
    POTN=2.345081E+10
    PHIC=4.134162E-09
    GRAD=3.735159E-03
    NuBT=1
    CPU =0.000511

ITER: 53
    HPWL=264316.843750
    OVFL=0.975866
    HPWL=(210925.203125, 53391.644531)
    POTN=2.302774E+10
    PHIC=4.938738E-09
    GRAD=4.335221E-03
    NuBT=1
    CPU =0.000509

ITER: 54
    HPWL=275154.531250
    OVFL=0.973456
    HPWL=(216312.296875, 58842.234375)
    POTN=2.233107E+10
    PHIC=5.892737E-09
    GRAD=5.029412E-03
    NuBT=1
    CPU =0.000509

ITER: 55
    HPWL=288048.750000
    OVFL=0.974448
    HPWL=(222796.968750, 65251.773438)
    POTN=2.132881E+10
    PHIC=7.023401E-09
    GRAD=5.862185E-03
    NuBT=1
    CPU =0.000687

ITER: 56
    HPWL=302485.656250
    OVFL=0.971455
    HPWL=(229939.203125, 72546.460938)
    POTN=2.036591E+10
    PHIC=8.364210E-09
    GRAD=6.673684E-03
    NuBT=1
    CPU =0.000518

ITER: 57
    HPWL=318682.531250
    OVFL=0.967111
    HPWL=(237499.562500, 81182.976562)
    POTN=1.957899E+10
    PHIC=9.951752E-09
    GRAD=7.382211E-03
    NuBT=1
    CPU =0.000509

ITER: 58
    HPWL=338462.281250
    OVFL=0.962235
    HPWL=(246609.281250, 91853.007812)
    POTN=1.885414E+10
    PHIC=1.181828E-08
    GRAD=8.373254E-03
    NuBT=1
    CPU =0.000514

ITER: 59
    HPWL=362341.750000
    OVFL=0.958726
    HPWL=(257924.953125, 104416.789062)
    POTN=1.805047E+10
    PHIC=1.400460E-08
    GRAD=9.809538E-03
    NuBT=1
    CPU =0.000508

ITER: 60
    HPWL=389927.593750
    OVFL=0.953255
    HPWL=(271054.875000, 118872.718750)
    POTN=1.709508E+10
    PHIC=1.656300E-08
    GRAD=1.135621E-02
    NuBT=1
    CPU =0.000517

ITER: 61
    HPWL=420727.968750
    OVFL=0.949258
    HPWL=(285011.062500, 135716.906250)
    POTN=1.604886E+10
    PHIC=1.955563E-08
    GRAD=1.274980E-02
    NuBT=1
    CPU =0.000510

ITER: 62
    HPWL=455923.687500
    OVFL=0.942892
    HPWL=(300459.312500, 155464.359375)
    POTN=1.503622E+10
    PHIC=2.303555E-08
    GRAD=1.419945E-02
    NuBT=1
    CPU =0.000551

ITER: 63
    HPWL=498265.968750
    OVFL=0.937141
    HPWL=(317802.437500, 180463.531250)
    POTN=1.398186E+10
    PHIC=2.703273E-08
    GRAD=1.597616E-02
    NuBT=1
    CPU =0.000768

ITER: 64
    HPWL=547370.750000
    OVFL=0.928631
    HPWL=(337509.375000, 209861.343750)
    POTN=1.288223E+10
    PHIC=3.161066E-08
    GRAD=1.829438E-02
    NuBT=1
    CPU =0.000519

ITER: 65
    HPWL=600506.312500
    OVFL=0.919599
    HPWL=(357844.687500, 242661.640625)
    POTN=1.181449E+10
    PHIC=3.688544E-08
    GRAD=2.090988E-02
    NuBT=1
    CPU =0.000515

ITER: 66
    HPWL=656147.500000
    OVFL=0.911460
    HPWL=(379189.812500, 276957.718750)
    POTN=1.075668E+10
    PHIC=4.298361E-08
    GRAD=2.367859E-02
    NuBT=1
    CPU =0.000507

ITER: 67
    HPWL=712156.312500
    OVFL=0.900892
    HPWL=(400671.125000, 311485.187500)
    POTN=9.753692E+09
    PHIC=5.008027E-08
    GRAD=2.629430E-02
    NuBT=1
    CPU =0.000512

ITER: 68
    HPWL=768105.062500
    OVFL=0.887820
    HPWL=(422633.468750, 345471.593750)
    POTN=8.792603E+09
    PHIC=5.835045E-08
    GRAD=2.904049E-02
    NuBT=1
    CPU =0.000515

ITER: 69
    HPWL=814965.500000
    OVFL=0.874742
    HPWL=(438374.000000, 376591.500000)
    POTN=7.905111E+09
    PHIC=6.831272E-08
    GRAD=2.868976E-02
    NuBT=2
    CPU =0.000980

ITER: 70
    HPWL=863587.375000
    OVFL=0.865232
    HPWL=(457613.718750, 405973.687500)
    POTN=7.081917E+09
    PHIC=7.990166E-08
    GRAD=3.078719E-02
    NuBT=2
    CPU =0.000982

ITER: 71
    HPWL=911879.750000
    OVFL=0.854361
    HPWL=(477927.375000, 433952.406250)
    POTN=6.324122E+09
    PHIC=9.347285E-08
    GRAD=3.369068E-02
    NuBT=2
    CPU =0.000981

ITER: 72
    HPWL=959454.750000
    OVFL=0.839654
    HPWL=(498280.812500, 461173.937500)
    POTN=5.625902E+09
    PHIC=1.093904E-07
    GRAD=3.640764E-02
    NuBT=2
    CPU =0.000980

ITER: 73
    HPWL=1004408.750000
    OVFL=0.825505
    HPWL=(517605.781250, 486803.000000)
    POTN=4.992867E+09
    PHIC=1.281956E-07
    GRAD=3.925004E-02
    NuBT=2
    CPU =0.000980

ITER: 74
    HPWL=1048080.062500
    OVFL=0.812504
    HPWL=(537790.312500, 510289.750000)
    POTN=4.430676E+09
    PHIC=1.503350E-07
    GRAD=4.251103E-02
    NuBT=2
    CPU =0.000987

ITER: 75
    HPWL=1090297.250000
    OVFL=0.798672
    HPWL=(558145.375000, 532151.875000)
    POTN=3.934888E+09
    PHIC=1.764331E-07
    GRAD=4.611661E-02
    NuBT=2
    CPU =0.000986

ITER: 76
    HPWL=1130931.500000
    OVFL=0.782133
    HPWL=(578640.312500, 552291.187500)
    POTN=3.501815E+09
    PHIC=2.072346E-07
    GRAD=4.959883E-02
    NuBT=2
    CPU =0.000985

ITER: 77
    HPWL=1168059.000000
    OVFL=0.769192
    HPWL=(598010.625000, 570048.312500)
    POTN=3.129372E+09
    PHIC=2.438636E-07
    GRAD=5.297586E-02
    NuBT=2
    CPU =0.000980

ITER: 78
    HPWL=1204895.500000
    OVFL=0.759097
    HPWL=(618355.062500, 586540.437500)
    POTN=2.819726E+09
    PHIC=2.870109E-07
    GRAD=5.674859E-02
    NuBT=2
    CPU =0.000981

ITER: 79
    HPWL=1239791.500000
    OVFL=0.743929
    HPWL=(638106.687500, 601684.750000)
    POTN=2.562966E+09
    PHIC=3.381378E-07
    GRAD=5.970628E-02
    NuBT=2
    CPU =0.000989

ITER: 80
    HPWL=1272933.000000
    OVFL=0.727793
    HPWL=(656463.187500, 616469.875000)
    POTN=2.347403E+09
    PHIC=3.987408E-07
    GRAD=6.130086E-02
    NuBT=2
    CPU =0.000987

ITER: 81
    HPWL=1303249.000000
    OVFL=0.716516
    HPWL=(673329.125000, 629919.875000)
    POTN=2.170736E+09
    PHIC=4.709060E-07
    GRAD=6.258678E-02
    NuBT=2
    CPU =0.000981

ITER: 82
    HPWL=1336150.500000
    OVFL=0.699692
    HPWL=(692263.437500, 643887.125000)
    POTN=2.027496E+09
    PHIC=5.553747E-07
    GRAD=6.440825E-02
    NuBT=2
    CPU =0.000994

ITER: 83
    HPWL=1365380.250000
    OVFL=0.684522
    HPWL=(708977.687500, 656402.625000)
    POTN=1.904340E+09
    PHIC=6.562634E-07
    GRAD=6.473788E-02
    NuBT=2
    CPU =0.000993

ITER: 84
    HPWL=1396458.000000
    OVFL=0.668837
    HPWL=(727489.812500, 668968.250000)
    POTN=1.797792E+09
    PHIC=7.747247E-07
    GRAD=6.579939E-02
    NuBT=2
    CPU =0.000994

ITER: 85
    HPWL=1427143.000000
    OVFL=0.651612
    HPWL=(745637.000000, 681505.937500)
    POTN=1.698506E+09
    PHIC=9.147585E-07
    GRAD=6.701749E-02
    NuBT=2
    CPU =0.000985

ITER: 86
    HPWL=1459058.750000
    OVFL=0.632354
    HPWL=(764727.375000, 694331.375000)
    POTN=1.600217E+09
    PHIC=1.079404E-06
    GRAD=6.924696E-02
    NuBT=2
    CPU =0.000985

ITER: 87
    HPWL=1490941.375000
    OVFL=0.615528
    HPWL=(783621.062500, 707320.312500)
    POTN=1.497297E+09
    PHIC=1.273705E-06
    GRAD=7.275618E-02
    NuBT=2
    CPU =0.000986

ITER: 88
    HPWL=1524924.625000
    OVFL=0.597143
    HPWL=(804043.437500, 720881.187500)
    POTN=1.387630E+09
    PHIC=1.501320E-06
    GRAD=7.975525E-02
    NuBT=2
    CPU =0.000990

ITER: 89
    HPWL=1560189.000000
    OVFL=0.578350
    HPWL=(824042.187500, 736146.875000)
    POTN=1.264952E+09
    PHIC=1.768415E-06
    GRAD=8.871716E-02
    NuBT=2
    CPU =0.000983

ITER: 90
    HPWL=1601096.250000
    OVFL=0.559287
    HPWL=(846485.187500, 754611.062500)
    POTN=1.126293E+09
    PHIC=2.076845E-06
    GRAD=1.046036E-01
    NuBT=1
    CPU =0.000514

ITER: 91
    HPWL=1636235.000000
    OVFL=0.535520
    HPWL=(862505.750000, 773729.187500)
    POTN=9.761658E+08
    PHIC=2.446492E-06
    GRAD=1.145931E-01
    NuBT=1
    CPU =0.000518

ITER: 92
    HPWL=1665661.250000
    OVFL=0.511417
    HPWL=(875327.312500, 790333.875000)
    POTN=8.201889E+08
    PHIC=2.890619E-06
    GRAD=1.219759E-01
    NuBT=1
    CPU =0.000516

ITER: 93
    HPWL=1699065.500000
    OVFL=0.488177
    HPWL=(887391.250000, 811674.187500)
    POTN=6.635792E+08
    PHIC=3.408221E-06
    GRAD=1.316603E-01
    NuBT=1
    CPU =0.000514

ITER: 94
    HPWL=1744374.250000
    OVFL=0.457106
    HPWL=(904798.687500, 839575.500000)
    POTN=5.140503E+08
    PHIC=3.993376E-06
    GRAD=1.510722E-01
    NuBT=1
    CPU =0.000515

ITER: 95
    HPWL=1815317.750000
    OVFL=0.435010
    HPWL=(937160.500000, 878157.312500)
    POTN=3.812522E+08
    PHIC=4.616217E-06
    GRAD=1.860138E-01
    NuBT=2
    CPU =0.000988

ITER: 96
    HPWL=1872893.750000
    OVFL=0.411562
    HPWL=(950585.125000, 922308.687500)
    POTN=2.816621E+08
    PHIC=5.373921E-06
    GRAD=2.222107E-01
    NuBT=3
    CPU =0.001466

ITER: 97
    HPWL=1996133.500000
    OVFL=0.397013
    HPWL=(982187.125000, 1013946.437500)
    POTN=2.081440E+08
    PHIC=6.043235E-06
    GRAD=2.731874E-01
    NuBT=2
    CPU =0.000993

ITER: 98
    HPWL=2026439.500000
    OVFL=0.380834
    HPWL=(982248.125000, 1044191.437500)
    POTN=1.622291E+08
    PHIC=7.136993E-06
    GRAD=2.907958E-01
    NuBT=2
    CPU =0.000992

ITER: 99
    HPWL=2037920.375000
    OVFL=0.359198
    HPWL=(992882.750000, 1045037.625000)
    POTN=1.334780E+08
    PHIC=8.512736E-06
    GRAD=2.971596E-01
    NuBT=2
    CPU =0.000987

ITER: 100
    HPWL=2032835.000000
    OVFL=0.348265
    HPWL=(994352.937500, 1038482.062500)
    POTN=1.156564E+08
    PHIC=1.021528E-05
    GRAD=3.019323E-01
    NuBT=2
    CPU =0.000983

ITER: 101
    HPWL=2040058.750000
    OVFL=0.336599
    HPWL=(997006.812500, 1043052.000000)
    POTN=1.008450E+08
    PHIC=1.221177E-05
    GRAD=2.997910E-01
    NuBT=2
    CPU =0.000983

ITER: 102
    HPWL=2041264.750000
    OVFL=0.316409
    HPWL=(998927.812500, 1042336.875000)
    POTN=8.616251E+07
    PHIC=1.464481E-05
    GRAD=2.955489E-01
    NuBT=2
    CPU =0.000981

ITER: 103
    HPWL=2038022.750000
    OVFL=0.295680
    HPWL=(995149.750000, 1042873.062500)
    POTN=6.950129E+07
    PHIC=1.757378E-05
    GRAD=2.929003E-01
    NuBT=2
    CPU =0.000980

ITER: 104
    HPWL=2081850.375000
    OVFL=0.278115
    HPWL=(1020591.500000, 1061258.875000)
    POTN=5.159512E+07
    PHIC=2.060708E-05
    GRAD=3.204999E-01
    NuBT=1
    CPU =0.000507

ITER: 105
    HPWL=2102380.750000
    OVFL=0.261645
    HPWL=(1035009.625000, 1067371.125000)
    POTN=3.508952E+07
    PHIC=2.446242E-05
    GRAD=3.339213E-01
    NuBT=1
    CPU =0.000518

ITER: 106
    HPWL=2101664.000000
    OVFL=0.252308
    HPWL=(1039719.375000, 1061944.500000)
    POTN=2.316925E+07
    PHIC=2.935490E-05
    GRAD=3.381940E-01
    NuBT=1
    CPU =0.000538

ITER: 107
    HPWL=2097654.500000
    OVFL=0.242502
    HPWL=(1045541.000000, 1052113.625000)
    POTN=1.662139E+07
    PHIC=3.522588E-05
    GRAD=3.381347E-01
    NuBT=1
    CPU =0.000514

ITER: 108
    HPWL=2081055.875000
    OVFL=0.235444
    HPWL=(1043430.750000, 1037625.125000)
    POTN=1.437132E+07
    PHIC=4.227106E-05
    GRAD=3.332962E-01
    NuBT=1
    CPU =0.000507

ITER: 109
    HPWL=2058242.000000
    OVFL=0.231110
    HPWL=(1035095.000000, 1023147.062500)
    POTN=1.401991E+07
    PHIC=5.072528E-05
    GRAD=3.243549E-01
    NuBT=1
    CPU =0.000511

ITER: 110
    HPWL=2033775.125000
    OVFL=0.216368
    HPWL=(1022145.750000, 1011629.375000)
    POTN=1.287182E+07
    PHIC=6.087033E-05
    GRAD=3.056480E-01
    NuBT=1
    CPU =0.000512

ITER: 111
    HPWL=2012641.500000
    OVFL=0.210221
    HPWL=(1011242.125000, 1001399.437500)
    POTN=1.075131E+07
    PHIC=7.304440E-05
    GRAD=2.896861E-01
    NuBT=1
    CPU =0.000523

ITER: 112
    HPWL=2011423.375000
    OVFL=0.202464
    HPWL=(1010132.562500, 1001290.812500)
    POTN=8.211438E+06
    PHIC=8.765329E-05
    GRAD=2.777414E-01
    NuBT=1
    CPU =0.000522

ITER: 113
    HPWL=1999702.000000
    OVFL=0.192338
    HPWL=(1003152.625000, 996549.437500)
    POTN=6.160988E+06
    PHIC=1.051839E-04
    GRAD=2.588484E-01
    NuBT=1
    CPU =0.000517

ITER: 114
    HPWL=1987234.500000
    OVFL=0.183398
    HPWL=(993770.187500, 993464.312500)
    POTN=4.694243E+06
    PHIC=1.262208E-04
    GRAD=2.389164E-01
    NuBT=1
    CPU =0.000519

ITER: 115
    HPWL=1981708.125000
    OVFL=0.170265
    HPWL=(990063.437500, 991644.687500)
    POTN=3.687358E+06
    PHIC=1.514649E-04
    GRAD=2.204823E-01
    NuBT=1
    CPU =0.000513

ITER: 116
    HPWL=1974057.000000
    OVFL=0.155754
    HPWL=(986624.125000, 987432.937500)
    POTN=2.831818E+06
    PHIC=1.817579E-04
    GRAD=2.025888E-01
    NuBT=1
    CPU =0.000510

ITER: 117
    HPWL=1973103.000000
    OVFL=0.148193
    HPWL=(988409.375000, 984693.625000)
    POTN=2.172520E+06
    PHIC=2.181095E-04
    GRAD=1.864965E-01
    NuBT=1
    CPU =0.000513

ITER: 118
    HPWL=1968597.250000
    OVFL=0.136976
    HPWL=(986582.562500, 982014.625000)
    POTN=1.685266E+06
    PHIC=2.617314E-04
    GRAD=1.706727E-01
    NuBT=1
    CPU =0.000513

ITER: 119
    HPWL=1959275.750000
    OVFL=0.130094
    HPWL=(984092.625000, 975183.125000)
    POTN=1.384604E+06
    PHIC=3.140777E-04
    GRAD=1.529399E-01
    NuBT=1
    CPU =0.000509

ITER: 120
    HPWL=1950820.500000
    OVFL=0.121491
    HPWL=(979985.375000, 970835.062500)
    POTN=1.147012E+06
    PHIC=3.768932E-04
    GRAD=1.370485E-01
    NuBT=1
    CPU =0.000510

ITER: 121
    HPWL=1942691.750000
    OVFL=0.113358
    HPWL=(977097.500000, 965594.250000)
    POTN=9.818209E+05
    PHIC=4.522719E-04
    GRAD=1.210274E-01
    NuBT=1
    CPU =0.000519

ITER: 122
    HPWL=1938134.875000
    OVFL=0.105159
    HPWL=(974442.750000, 963692.125000)
    POTN=8.121326E+05
    PHIC=5.427263E-04
    GRAD=1.061225E-01
    NuBT=1
    CPU =0.000520

ITER: 123
    HPWL=1937295.500000
    OVFL=0.099795
    HPWL=(974866.125000, 962429.375000)
    POTN=7.068114E+05
    PHIC=6.512716E-04
    GRAD=9.366252E-02
    NuBT=1
    CPU =0.000517

ITER: 124
    HPWL=1935094.750000
    OVFL=0.095510
    HPWL=(972954.500000, 962140.187500)
    POTN=6.148089E+05
    PHIC=7.815260E-04
    GRAD=8.112466E-02
    NuBT=1
    CPU =0.000523

ITER: 125
    HPWL=1935918.250000
    OVFL=0.088142
    HPWL=(973972.937500, 961945.312500)
    POTN=4.945439E+05
    PHIC=9.374244E-04
    GRAD=7.018181E-02
    NuBT=1
    CPU =0.000508

ITER: 126
    HPWL=1939261.375000
    OVFL=0.080791
    HPWL=(974298.062500, 964963.312500)
    POTN=4.226047E+05
    PHIC=1.122929E-03
    GRAD=6.134806E-02
    NuBT=1
    CPU =0.000517

ITER: 127
    HPWL=1944458.500000
    OVFL=0.072229
    HPWL=(977360.187500, 967098.312500)
    POTN=3.464600E+05
    PHIC=1.343830E-03
    GRAD=5.275951E-02
    NuBT=1
    CPU =0.000510

ITER: 128
    HPWL=1947992.875000
    OVFL=0.065287
    HPWL=(977668.937500, 970323.937500)
    POTN=2.970356E+05
    PHIC=1.609595E-03
    GRAD=4.504641E-02
    NuBT=1
    CPU =0.000511

INFO:    SUMMARY cGP2D
INFO:    #iterations = 128
INFO:        cGP2D ITERATION HPWL 1947992.8750
INFO:        cGP2D ITERATION OVFL 0.0653
INFO:        cGP2D      POTENTIAL 297035.5625
INFO:    TOTAL HPWL (U_k, V_k) = 1896401.250000, 1947992.875000
RESULT:
   HPWL(cGP2D): 1896401.3750 (946458.0000, 949943.3750)

   RUNTIME(s) : 0.0891


PROC:  END GLOBAL 2D PLACEMENT




=== SUMMARY =========================================================
 ### HPWL (x, y) of the design is 1896739.55 (946784.40, 949955.15).

 ### Numbers of Iterations: 
     cGP2D:  128 (0.0007 sec/iter)
     ____________________________________
     TOTAL:  128

 ### CPU_{IP, TP, mGP, LG, cGP, DP} is 0.21, 0.00, 0.00, 0.00, 0.09, 0.00.
 ### CPU_TOT is 0.35 seconds (0.01 min).

