*******************************************************************************
 HMETIS 2.0pre1  Copyright 1998-2007, Regents of the University of Minnesota

HyperGraph Information -----------------------------------------------------
 Name: ./run_tmp/toycase2/circuit.hgr, #Vtxs:     5, #Hedges:     4, #Cons: 1

Options --------------------------------------------------------------------
 ptype=rb, ctype=H1, rtype=FAST, otype=cut, dbglvl=8
 kwayrefine: No, reconstruct: No, fixed: No
 Nruns: 10, NV-cycles: 1, CMaxNet: 50, RMaxNet: 50, Seed: -1
 #Parts: 2, UBfactor:   0.70

Partitioning... ------------------------------------------------------------

  Bisecting a hgraph of size [vertices=5, hedges=4, balance=0.50]

    The mincut for this bisection =       3.00 (average = 3.0) (balance = [0.40]
 --------------------------------------------------------------------------
  Summary for the 2-way partition:
                Hyperedge Cut:          3.00		(minimize)
      Sum of External Degrees:          6.00		(minimize)
                  Scaled Cost:      5.00e-01		(minimize)
                   Absorption:          2.83		(maximize)

      Partition Sizes & External Degrees:
	(     3.000)[   3.000] (     2.000)[   3.000] 

Timing Information ---------------------------------------------------------
  Partitioning Time:		   0.000sec
           I/O Time:		   0.000sec
*******************************************************************************
